[ 2017-06-27T21:18:37+08:00 ] ::1 /TongYouErWeiMaSaoMao/Admin/Login/login
INFO: [ app_init ] --START--
INFO: Run Behavior\BuildLiteBehavior [ RunTime:0.000028s ]
INFO: [ app_init ] --END-- [ RunTime:0.000639s ]
INFO: [ app_begin ] --START--
INFO: Run Behavior\ReadHtmlCacheBehavior [ RunTime:0.000756s ]
INFO: [ app_begin ] --END-- [ RunTime:0.000874s ]
INFO: [ view_parse ] --START--
INFO: [ template_filter ] --START--
INFO: Run Behavior\ContentReplaceBehavior [ RunTime:0.000121s ]
INFO: [ template_filter ] --END-- [ RunTime:0.000248s ]
INFO: Run Behavior\ParseTemplateBehavior [ RunTime:0.014198s ]
INFO: [ view_parse ] --END-- [ RunTime:0.014324s ]
INFO: [ view_filter ] --START--
INFO: Run Behavior\WriteHtmlCacheBehavior [ RunTime:0.000417s ]
INFO: [ view_filter ] --END-- [ RunTime:0.000513s ]
INFO: [ app_end ] --START--
INFO: Run Behavior\ShowPageTraceBehavior [ RunTime:0.000828s ]
INFO: [ app_end ] --END-- [ RunTime:0.000935s ]

[ 2017-06-27T21:18:38+08:00 ] ::1 /TongYouErWeiMaSaoMao/Admin/Login/verify.html
INFO: [ app_init ] --START--
INFO: Run Behavior\BuildLiteBehavior [ RunTime:0.000026s ]
INFO: [ app_init ] --END-- [ RunTime:0.000557s ]
INFO: [ app_begin ] --START--
INFO: Run Behavior\ReadHtmlCacheBehavior [ RunTime:0.000712s ]
INFO: [ app_begin ] --END-- [ RunTime:0.000819s ]
NOTIC: [8] ob_clean() [<a href='ref.outcontrol'>ref.outcontrol</a>]: failed to delete buffer zlib output compression D:\phpStudy\WWW\TongYouErWeiMaSaoMao\Application\Admin\Controller\LoginController.class.php 第 48 行.
INFO: [ app_end ] --START--
INFO: Run Behavior\ShowPageTraceBehavior [ RunTime:0.001228s ]
INFO: [ app_end ] --END-- [ RunTime:0.001434s ]

[ 2017-06-27T21:18:52+08:00 ] ::1 /TongYouErWeiMaSaoMao/Admin/Login/checklogin.html
INFO: [ app_init ] --START--
INFO: Run Behavior\BuildLiteBehavior [ RunTime:0.000031s ]
INFO: [ app_init ] --END-- [ RunTime:0.000876s ]
INFO: [ app_begin ] --START--
INFO: Run Behavior\ReadHtmlCacheBehavior [ RunTime:0.001904s ]
INFO: [ app_begin ] --END-- [ RunTime:0.002138s ]
SQL: SHOW COLUMNS FROM `think_member` [ RunTime:0.0165s ]
SQL: SELECT * FROM `think_member` WHERE `username` = 'admin' AND `password` = 'e10adc3949ba59abbe56e057f20f883e' LIMIT 1   [ RunTime:0.0014s ]
SQL: UPDATE `think_member` SET `login_ip`='0.0.0.0',`login_time`='2017-06-27 21:18:52',`login_count`='63' WHERE `id` = 1 [ RunTime:0.0011s ]
INFO: [ view_parse ] --START--
INFO: [ template_filter ] --START--
INFO: Run Behavior\ContentReplaceBehavior [ RunTime:0.000114s ]
INFO: [ template_filter ] --END-- [ RunTime:0.000271s ]
INFO: Run Behavior\ParseTemplateBehavior [ RunTime:0.014132s ]
INFO: [ view_parse ] --END-- [ RunTime:0.014334s ]
INFO: [ view_filter ] --START--
INFO: Run Behavior\WriteHtmlCacheBehavior [ RunTime:0.000748s ]
INFO: [ view_filter ] --END-- [ RunTime:0.000871s ]
INFO: [ app_end ] --START--
INFO: Run Behavior\ShowPageTraceBehavior [ RunTime:0.001288s ]
INFO: [ app_end ] --END-- [ RunTime:0.001414s ]

[ 2017-06-27T21:18:53+08:00 ] ::1 /TongYouErWeiMaSaoMao/Admin/Index/index.html
INFO: [ app_init ] --START--
INFO: Run Behavior\BuildLiteBehavior [ RunTime:0.000028s ]
INFO: [ app_init ] --END-- [ RunTime:0.000650s ]
INFO: [ app_begin ] --START--
INFO: Run Behavior\ReadHtmlCacheBehavior [ RunTime:0.001029s ]
INFO: [ app_begin ] --END-- [ RunTime:0.001144s ]
INFO: [ view_parse ] --START--
INFO: [ template_filter ] --START--
INFO: Run Behavior\ContentReplaceBehavior [ RunTime:0.000228s ]
INFO: [ template_filter ] --END-- [ RunTime:0.000350s ]
INFO: Run Behavior\ParseTemplateBehavior [ RunTime:0.025767s ]
INFO: [ view_parse ] --END-- [ RunTime:0.025904s ]
INFO: [ view_filter ] --START--
INFO: Run Behavior\WriteHtmlCacheBehavior [ RunTime:0.000470s ]
INFO: [ view_filter ] --END-- [ RunTime:0.000563s ]
INFO: [ app_end ] --START--
INFO: Run Behavior\ShowPageTraceBehavior [ RunTime:0.000842s ]
INFO: [ app_end ] --END-- [ RunTime:0.000951s ]

[ 2017-06-27T21:18:54+08:00 ] ::1 /TongYouErWeiMaSaoMao/Admin/Index/favicon.ico
INFO: [ app_init ] --START--
INFO: Run Behavior\BuildLiteBehavior [ RunTime:0.000031s ]
INFO: [ app_init ] --END-- [ RunTime:0.000643s ]

[ 2017-06-27T21:19:53+08:00 ] ::1 /TongYouErWeiMaSaoMao/Admin/User/index/id/1.html
INFO: [ app_init ] --START--
INFO: Run Behavior\BuildLiteBehavior [ RunTime:0.000026s ]
INFO: [ app_init ] --END-- [ RunTime:0.000573s ]
INFO: [ app_begin ] --START--
INFO: Run Behavior\ReadHtmlCacheBehavior [ RunTime:0.000766s ]
INFO: [ app_begin ] --END-- [ RunTime:0.000876s ]
SQL: SHOW COLUMNS FROM `think_auth_group_access` [ RunTime:0.0142s ]
SQL: SHOW COLUMNS FROM `think_member` [ RunTime:0.0062s ]
SQL: SELECT `uid` FROM `think_auth_group_access` WHERE ( group_id=1 )  [ RunTime:0.0011s ]
INFO: [ view_parse ] --START--
INFO: [ template_filter ] --START--
INFO: Run Behavior\ContentReplaceBehavior [ RunTime:0.000224s ]
INFO: [ template_filter ] --END-- [ RunTime:0.000346s ]
INFO: Run Behavior\ParseTemplateBehavior [ RunTime:0.027268s ]
INFO: [ view_parse ] --END-- [ RunTime:0.027422s ]
INFO: [ view_filter ] --START--
INFO: Run Behavior\WriteHtmlCacheBehavior [ RunTime:0.000540s ]
INFO: [ view_filter ] --END-- [ RunTime:0.000641s ]
INFO: [ app_end ] --START--
INFO: Run Behavior\ShowPageTraceBehavior [ RunTime:0.000830s ]
INFO: [ app_end ] --END-- [ RunTime:0.000939s ]

[ 2017-06-27T21:19:53+08:00 ] ::1 /TongYouErWeiMaSaoMao/Admin/User/index/id/favicon.ico
INFO: [ app_init ] --START--
INFO: Run Behavior\BuildLiteBehavior [ RunTime:0.000029s ]
INFO: [ app_init ] --END-- [ RunTime:0.000609s ]

[ 2017-06-27T21:24:35+08:00 ] ::1 /TongYouErWeiMaSaoMao/Admin/User/index/id/1.html
INFO: [ app_init ] --START--
INFO: Run Behavior\BuildLiteBehavior [ RunTime:0.000028s ]
INFO: [ app_init ] --END-- [ RunTime:0.000668s ]
INFO: [ app_begin ] --START--
INFO: Run Behavior\ReadHtmlCacheBehavior [ RunTime:0.000997s ]
INFO: [ app_begin ] --END-- [ RunTime:0.001121s ]
SQL: SHOW COLUMNS FROM `think_auth_group_access` [ RunTime:0.0113s ]
SQL: SHOW COLUMNS FROM `think_member` [ RunTime:0.0098s ]
SQL: SELECT `uid` FROM `think_auth_group_access` WHERE ( group_id=1 )  [ RunTime:0.0011s ]
SQL: SELECT COUNT(*) AS tp_count FROM `think_member` WHERE `id` IN ('4') LIMIT 1   [ RunTime:0.0009s ]
SQL: SELECT * FROM `think_member` WHERE `id` IN ('4') ORDER BY id DESC LIMIT 0,25   [ RunTime:0.0011s ]
INFO: [ view_parse ] --START--
INFO: [ template_filter ] --START--
INFO: Run Behavior\ContentReplaceBehavior [ RunTime:0.000276s ]
INFO: [ template_filter ] --END-- [ RunTime:0.000692s ]
INFO: Run Behavior\ParseTemplateBehavior [ RunTime:0.027035s ]
INFO: [ view_parse ] --END-- [ RunTime:0.027193s ]
INFO: [ view_filter ] --START--
INFO: Run Behavior\WriteHtmlCacheBehavior [ RunTime:0.000692s ]
INFO: [ view_filter ] --END-- [ RunTime:0.000790s ]
INFO: [ app_end ] --START--
INFO: Run Behavior\ShowPageTraceBehavior [ RunTime:0.001030s ]
INFO: [ app_end ] --END-- [ RunTime:0.001146s ]

[ 2017-06-27T21:24:38+08:00 ] ::1 /TongYouErWeiMaSaoMao/Admin/User/index/id/2.html
INFO: [ app_init ] --START--
INFO: Run Behavior\BuildLiteBehavior [ RunTime:0.000031s ]
INFO: [ app_init ] --END-- [ RunTime:0.000653s ]
INFO: [ app_begin ] --START--
INFO: Run Behavior\ReadHtmlCacheBehavior [ RunTime:0.000864s ]
INFO: [ app_begin ] --END-- [ RunTime:0.000998s ]
SQL: SHOW COLUMNS FROM `think_auth_group_access` [ RunTime:0.0059s ]
SQL: SHOW COLUMNS FROM `think_member` [ RunTime:0.0059s ]
SQL: SELECT `uid` FROM `think_auth_group_access` WHERE ( group_id=2 )  [ RunTime:0.0008s ]
SQL: SELECT COUNT(*) AS tp_count FROM `think_member` WHERE `id` IN ('3') LIMIT 1   [ RunTime:0.0006s ]
SQL: SELECT * FROM `think_member` WHERE `id` IN ('3') ORDER BY id DESC LIMIT 0,25   [ RunTime:0.0011s ]
INFO: [ view_parse ] --START--
INFO: [ template_filter ] --START--
INFO: Run Behavior\ContentReplaceBehavior [ RunTime:0.000218s ]
INFO: [ template_filter ] --END-- [ RunTime:0.000339s ]
INFO: Run Behavior\ParseTemplateBehavior [ RunTime:0.024511s ]
INFO: [ view_parse ] --END-- [ RunTime:0.024705s ]
INFO: [ view_filter ] --START--
INFO: Run Behavior\WriteHtmlCacheBehavior [ RunTime:0.000417s ]
INFO: [ view_filter ] --END-- [ RunTime:0.000507s ]
INFO: [ app_end ] --START--
INFO: Run Behavior\ShowPageTraceBehavior [ RunTime:0.000795s ]
INFO: [ app_end ] --END-- [ RunTime:0.000901s ]

[ 2017-06-27T21:24:41+08:00 ] ::1 /TongYouErWeiMaSaoMao/Admin/User/index/id/1.html
INFO: [ app_init ] --START--
INFO: Run Behavior\BuildLiteBehavior [ RunTime:0.000031s ]
INFO: [ app_init ] --END-- [ RunTime:0.000949s ]
INFO: [ app_begin ] --START--
INFO: Run Behavior\ReadHtmlCacheBehavior [ RunTime:0.000835s ]
INFO: [ app_begin ] --END-- [ RunTime:0.000958s ]
SQL: SHOW COLUMNS FROM `think_auth_group_access` [ RunTime:0.0063s ]
SQL: SHOW COLUMNS FROM `think_member` [ RunTime:0.0059s ]
SQL: SELECT `uid` FROM `think_auth_group_access` WHERE ( group_id=1 )  [ RunTime:0.0008s ]
SQL: SELECT COUNT(*) AS tp_count FROM `think_member` WHERE `id` IN ('4') LIMIT 1   [ RunTime:0.0007s ]
SQL: SELECT * FROM `think_member` WHERE `id` IN ('4') ORDER BY id DESC LIMIT 0,25   [ RunTime:0.0012s ]
INFO: [ view_parse ] --START--
INFO: [ template_filter ] --START--
INFO: Run Behavior\ContentReplaceBehavior [ RunTime:0.000229s ]
INFO: [ template_filter ] --END-- [ RunTime:0.000357s ]
INFO: Run Behavior\ParseTemplateBehavior [ RunTime:0.025192s ]
INFO: [ view_parse ] --END-- [ RunTime:0.025811s ]
INFO: [ view_filter ] --START--
INFO: Run Behavior\WriteHtmlCacheBehavior [ RunTime:0.001055s ]
INFO: [ view_filter ] --END-- [ RunTime:0.001172s ]
INFO: [ app_end ] --START--
INFO: Run Behavior\ShowPageTraceBehavior [ RunTime:0.000980s ]
INFO: [ app_end ] --END-- [ RunTime:0.001140s ]

[ 2017-06-27T21:33:02+08:00 ] ::1 /TongYouErWeiMaSaoMao/Admin/User/index/id/1.html
INFO: [ app_init ] --START--
INFO: Run Behavior\BuildLiteBehavior [ RunTime:0.000027s ]
INFO: [ app_init ] --END-- [ RunTime:0.000639s ]
INFO: [ app_begin ] --START--
INFO: Run Behavior\ReadHtmlCacheBehavior [ RunTime:0.000894s ]
INFO: [ app_begin ] --END-- [ RunTime:0.001001s ]
INFO: [ view_parse ] --START--
INFO: [ template_filter ] --START--
INFO: Run Behavior\ContentReplaceBehavior [ RunTime:0.000233s ]
INFO: [ template_filter ] --END-- [ RunTime:0.000395s ]
INFO: Run Behavior\ParseTemplateBehavior [ RunTime:0.025579s ]
INFO: [ view_parse ] --END-- [ RunTime:0.025703s ]
INFO: [ view_filter ] --START--
INFO: Run Behavior\WriteHtmlCacheBehavior [ RunTime:0.000709s ]
INFO: [ view_filter ] --END-- [ RunTime:0.000808s ]
INFO: [ app_end ] --START--
INFO: Run Behavior\ShowPageTraceBehavior [ RunTime:0.000988s ]
INFO: [ app_end ] --END-- [ RunTime:0.001101s ]

[ 2017-06-27T21:33:04+08:00 ] ::1 /TongYouErWeiMaSaoMao/Admin/User/index/id/1.html
INFO: [ app_init ] --START--
INFO: Run Behavior\BuildLiteBehavior [ RunTime:0.000031s ]
INFO: [ app_init ] --END-- [ RunTime:0.000930s ]
INFO: [ app_begin ] --START--
INFO: Run Behavior\ReadHtmlCacheBehavior [ RunTime:0.000784s ]
INFO: [ app_begin ] --END-- [ RunTime:0.000895s ]
INFO: [ view_parse ] --START--
INFO: [ template_filter ] --START--
INFO: Run Behavior\ContentReplaceBehavior [ RunTime:0.000227s ]
INFO: [ template_filter ] --END-- [ RunTime:0.000349s ]
INFO: Run Behavior\ParseTemplateBehavior [ RunTime:0.025134s ]
INFO: [ view_parse ] --END-- [ RunTime:0.025260s ]
INFO: [ view_filter ] --START--
INFO: Run Behavior\WriteHtmlCacheBehavior [ RunTime:0.000496s ]
INFO: [ view_filter ] --END-- [ RunTime:0.000628s ]
INFO: [ app_end ] --START--
INFO: Run Behavior\ShowPageTraceBehavior [ RunTime:0.000974s ]
INFO: [ app_end ] --END-- [ RunTime:0.001091s ]

[ 2017-06-27T21:33:07+08:00 ] ::1 /TongYouErWeiMaSaoMao/Admin/User/index/id/1.html
INFO: [ app_init ] --START--
INFO: Run Behavior\BuildLiteBehavior [ RunTime:0.000038s ]
INFO: [ app_init ] --END-- [ RunTime:0.001007s ]
INFO: [ app_begin ] --START--
INFO: Run Behavior\ReadHtmlCacheBehavior [ RunTime:0.001007s ]
INFO: [ app_begin ] --END-- [ RunTime:0.001142s ]
INFO: [ view_parse ] --START--
INFO: [ template_filter ] --START--
INFO: Run Behavior\ContentReplaceBehavior [ RunTime:0.000239s ]
INFO: [ template_filter ] --END-- [ RunTime:0.000367s ]
INFO: Run Behavior\ParseTemplateBehavior [ RunTime:0.027731s ]
INFO: [ view_parse ] --END-- [ RunTime:0.027874s ]
INFO: [ view_filter ] --START--
INFO: Run Behavior\WriteHtmlCacheBehavior [ RunTime:0.000599s ]
INFO: [ view_filter ] --END-- [ RunTime:0.000716s ]
INFO: [ app_end ] --START--
INFO: Run Behavior\ShowPageTraceBehavior [ RunTime:0.001291s ]
INFO: [ app_end ] --END-- [ RunTime:0.001453s ]

[ 2017-06-27T21:33:26+08:00 ] ::1 /TongYouErWeiMaSaoMao/Admin/Index/index.html
INFO: [ app_init ] --START--
INFO: Run Behavior\BuildLiteBehavior [ RunTime:0.000027s ]
INFO: [ app_init ] --END-- [ RunTime:0.000619s ]
INFO: [ app_begin ] --START--
INFO: Run Behavior\ReadHtmlCacheBehavior [ RunTime:0.000767s ]
INFO: [ app_begin ] --END-- [ RunTime:0.000876s ]
INFO: [ view_parse ] --START--
INFO: [ template_filter ] --START--
INFO: Run Behavior\ContentReplaceBehavior [ RunTime:0.000239s ]
INFO: [ template_filter ] --END-- [ RunTime:0.000365s ]
INFO: Run Behavior\ParseTemplateBehavior [ RunTime:0.022229s ]
INFO: [ view_parse ] --END-- [ RunTime:0.022360s ]
INFO: [ view_filter ] --START--
INFO: Run Behavior\WriteHtmlCacheBehavior [ RunTime:0.000482s ]
INFO: [ view_filter ] --END-- [ RunTime:0.000574s ]
INFO: [ app_end ] --START--
INFO: Run Behavior\ShowPageTraceBehavior [ RunTime:0.000931s ]
INFO: [ app_end ] --END-- [ RunTime:0.001043s ]

[ 2017-06-27T21:33:47+08:00 ] ::1 /TongYouErWeiMaSaoMao/Admin/User/index/id/1.html
INFO: [ app_init ] --START--
INFO: Run Behavior\BuildLiteBehavior [ RunTime:0.000032s ]
INFO: [ app_init ] --END-- [ RunTime:0.000759s ]
INFO: [ app_begin ] --START--
INFO: Run Behavior\ReadHtmlCacheBehavior [ RunTime:0.001189s ]
INFO: [ app_begin ] --END-- [ RunTime:0.001315s ]
INFO: [ view_parse ] --START--
INFO: [ template_filter ] --START--
INFO: Run Behavior\ContentReplaceBehavior [ RunTime:0.000226s ]
INFO: [ template_filter ] --END-- [ RunTime:0.000352s ]
NOTIC: [8] Undefined variable: column_data D:\phpStudy\WWW\TongYouErWeiMaSaoMao\Application\Runtime\Cache\Admin\65e605872ed5d34210f5b33beb13f5a3.php 第 413 行.
NOTIC: [8] Undefined variable: column_data D:\phpStudy\WWW\TongYouErWeiMaSaoMao\Application\Runtime\Cache\Admin\65e605872ed5d34210f5b33beb13f5a3.php 第 439 行.
NOTIC: [8] Undefined variable: list D:\phpStudy\WWW\TongYouErWeiMaSaoMao\Application\Runtime\Cache\Admin\65e605872ed5d34210f5b33beb13f5a3.php 第 456 行.
NOTIC: [8] Undefined variable: page D:\phpStudy\WWW\TongYouErWeiMaSaoMao\Application\Runtime\Cache\Admin\65e605872ed5d34210f5b33beb13f5a3.php 第 469 行.
INFO: Run Behavior\ParseTemplateBehavior [ RunTime:0.029507s ]
INFO: [ view_parse ] --END-- [ RunTime:0.029622s ]
INFO: [ view_filter ] --START--
INFO: Run Behavior\WriteHtmlCacheBehavior [ RunTime:0.000588s ]
INFO: [ view_filter ] --END-- [ RunTime:0.000682s ]
INFO: [ app_end ] --START--
INFO: Run Behavior\ShowPageTraceBehavior [ RunTime:0.001061s ]
INFO: [ app_end ] --END-- [ RunTime:0.001186s ]

[ 2017-06-27T21:33:56+08:00 ] ::1 /TongYouErWeiMaSaoMao/Admin/User/index/id/1.html
INFO: [ app_init ] --START--
INFO: Run Behavior\BuildLiteBehavior [ RunTime:0.000032s ]
INFO: [ app_init ] --END-- [ RunTime:0.001105s ]
INFO: [ app_begin ] --START--
INFO: Run Behavior\ReadHtmlCacheBehavior [ RunTime:0.000862s ]
INFO: [ app_begin ] --END-- [ RunTime:0.000996s ]
INFO: [ view_parse ] --START--
INFO: [ template_filter ] --START--
INFO: Run Behavior\ContentReplaceBehavior [ RunTime:0.000221s ]
INFO: [ template_filter ] --END-- [ RunTime:0.000343s ]
NOTIC: [8] Undefined variable: column_data D:\phpStudy\WWW\TongYouErWeiMaSaoMao\Application\Runtime\Cache\Admin\65e605872ed5d34210f5b33beb13f5a3.php 第 413 行.
NOTIC: [8] Undefined variable: column_data D:\phpStudy\WWW\TongYouErWeiMaSaoMao\Application\Runtime\Cache\Admin\65e605872ed5d34210f5b33beb13f5a3.php 第 439 行.
NOTIC: [8] Undefined variable: list D:\phpStudy\WWW\TongYouErWeiMaSaoMao\Application\Runtime\Cache\Admin\65e605872ed5d34210f5b33beb13f5a3.php 第 456 行.
NOTIC: [8] Undefined variable: page D:\phpStudy\WWW\TongYouErWeiMaSaoMao\Application\Runtime\Cache\Admin\65e605872ed5d34210f5b33beb13f5a3.php 第 469 行.
INFO: Run Behavior\ParseTemplateBehavior [ RunTime:0.020733s ]
INFO: [ view_parse ] --END-- [ RunTime:0.020845s ]
INFO: [ view_filter ] --START--
INFO: Run Behavior\WriteHtmlCacheBehavior [ RunTime:0.000441s ]
INFO: [ view_filter ] --END-- [ RunTime:0.000529s ]
INFO: [ app_end ] --START--
INFO: Run Behavior\ShowPageTraceBehavior [ RunTime:0.000933s ]
INFO: [ app_end ] --END-- [ RunTime:0.001065s ]

[ 2017-06-27T21:36:48+08:00 ] ::1 /TongYouErWeiMaSaoMao/Admin/User/index/id/1.html
INFO: [ app_init ] --START--
INFO: Run Behavior\BuildLiteBehavior [ RunTime:0.000034s ]
INFO: [ app_init ] --END-- [ RunTime:0.002987s ]
INFO: [ app_begin ] --START--
INFO: Run Behavior\ReadHtmlCacheBehavior [ RunTime:0.001451s ]
INFO: [ app_begin ] --END-- [ RunTime:0.001605s ]
INFO: [ view_parse ] --START--
INFO: [ template_filter ] --START--
INFO: Run Behavior\ContentReplaceBehavior [ RunTime:0.000306s ]
INFO: [ template_filter ] --END-- [ RunTime:0.000451s ]
NOTIC: [8] Undefined variable: column_data D:\phpStudy\WWW\TongYouErWeiMaSaoMao\Application\Runtime\Cache\Admin\65e605872ed5d34210f5b33beb13f5a3.php 第 455 行.
NOTIC: [8] Undefined variable: column_data D:\phpStudy\WWW\TongYouErWeiMaSaoMao\Application\Runtime\Cache\Admin\65e605872ed5d34210f5b33beb13f5a3.php 第 481 行.
NOTIC: [8] Undefined variable: list D:\phpStudy\WWW\TongYouErWeiMaSaoMao\Application\Runtime\Cache\Admin\65e605872ed5d34210f5b33beb13f5a3.php 第 498 行.
NOTIC: [8] Undefined variable: page D:\phpStudy\WWW\TongYouErWeiMaSaoMao\Application\Runtime\Cache\Admin\65e605872ed5d34210f5b33beb13f5a3.php 第 511 行.
INFO: Run Behavior\ParseTemplateBehavior [ RunTime:0.034406s ]
INFO: [ view_parse ] --END-- [ RunTime:0.034528s ]
INFO: [ view_filter ] --START--
INFO: Run Behavior\WriteHtmlCacheBehavior [ RunTime:0.004048s ]
INFO: [ view_filter ] --END-- [ RunTime:0.004172s ]
INFO: [ app_end ] --START--
INFO: Run Behavior\ShowPageTraceBehavior [ RunTime:0.001384s ]
INFO: [ app_end ] --END-- [ RunTime:0.001610s ]

[ 2017-06-27T21:36:51+08:00 ] ::1 /TongYouErWeiMaSaoMao/Admin/User/index/id/1.html
INFO: [ app_init ] --START--
INFO: Run Behavior\BuildLiteBehavior [ RunTime:0.000027s ]
INFO: [ app_init ] --END-- [ RunTime:0.000574s ]
INFO: [ app_begin ] --START--
INFO: Run Behavior\ReadHtmlCacheBehavior [ RunTime:0.000742s ]
INFO: [ app_begin ] --END-- [ RunTime:0.000848s ]
INFO: [ view_parse ] --START--
INFO: [ template_filter ] --START--
INFO: Run Behavior\ContentReplaceBehavior [ RunTime:0.000317s ]
INFO: [ template_filter ] --END-- [ RunTime:0.000798s ]
NOTIC: [8] Undefined variable: column_data D:\phpStudy\WWW\TongYouErWeiMaSaoMao\Application\Runtime\Cache\Admin\65e605872ed5d34210f5b33beb13f5a3.php 第 455 行.
NOTIC: [8] Undefined variable: column_data D:\phpStudy\WWW\TongYouErWeiMaSaoMao\Application\Runtime\Cache\Admin\65e605872ed5d34210f5b33beb13f5a3.php 第 481 行.
NOTIC: [8] Undefined variable: list D:\phpStudy\WWW\TongYouErWeiMaSaoMao\Application\Runtime\Cache\Admin\65e605872ed5d34210f5b33beb13f5a3.php 第 498 行.
NOTIC: [8] Undefined variable: page D:\phpStudy\WWW\TongYouErWeiMaSaoMao\Application\Runtime\Cache\Admin\65e605872ed5d34210f5b33beb13f5a3.php 第 511 行.
INFO: Run Behavior\ParseTemplateBehavior [ RunTime:0.026505s ]
INFO: [ view_parse ] --END-- [ RunTime:0.026616s ]
INFO: [ view_filter ] --START--
INFO: Run Behavior\WriteHtmlCacheBehavior [ RunTime:0.000548s ]
INFO: [ view_filter ] --END-- [ RunTime:0.000652s ]
INFO: [ app_end ] --START--
INFO: Run Behavior\ShowPageTraceBehavior [ RunTime:0.000879s ]
INFO: [ app_end ] --END-- [ RunTime:0.000988s ]

[ 2017-06-27T21:36:53+08:00 ] ::1 /TongYouErWeiMaSaoMao/Admin/User/index/id/2.html
INFO: [ app_init ] --START--
INFO: Run Behavior\BuildLiteBehavior [ RunTime:0.000027s ]
INFO: [ app_init ] --END-- [ RunTime:0.000609s ]
INFO: [ app_begin ] --START--
INFO: Run Behavior\ReadHtmlCacheBehavior [ RunTime:0.000742s ]
INFO: [ app_begin ] --END-- [ RunTime:0.000851s ]
INFO: [ view_parse ] --START--
INFO: [ template_filter ] --START--
INFO: Run Behavior\ContentReplaceBehavior [ RunTime:0.000262s ]
INFO: [ template_filter ] --END-- [ RunTime:0.000388s ]
NOTIC: [8] Undefined variable: column_data D:\phpStudy\WWW\TongYouErWeiMaSaoMao\Application\Runtime\Cache\Admin\65e605872ed5d34210f5b33beb13f5a3.php 第 455 行.
NOTIC: [8] Undefined variable: column_data D:\phpStudy\WWW\TongYouErWeiMaSaoMao\Application\Runtime\Cache\Admin\65e605872ed5d34210f5b33beb13f5a3.php 第 481 行.
NOTIC: [8] Undefined variable: list D:\phpStudy\WWW\TongYouErWeiMaSaoMao\Application\Runtime\Cache\Admin\65e605872ed5d34210f5b33beb13f5a3.php 第 498 行.
NOTIC: [8] Undefined variable: page D:\phpStudy\WWW\TongYouErWeiMaSaoMao\Application\Runtime\Cache\Admin\65e605872ed5d34210f5b33beb13f5a3.php 第 511 行.
INFO: Run Behavior\ParseTemplateBehavior [ RunTime:0.022805s ]
INFO: [ view_parse ] --END-- [ RunTime:0.022937s ]
INFO: [ view_filter ] --START--
INFO: Run Behavior\WriteHtmlCacheBehavior [ RunTime:0.000461s ]
INFO: [ view_filter ] --END-- [ RunTime:0.000556s ]
INFO: [ app_end ] --START--
INFO: Run Behavior\ShowPageTraceBehavior [ RunTime:0.000863s ]
INFO: [ app_end ] --END-- [ RunTime:0.000969s ]

[ 2017-06-27T21:36:54+08:00 ] ::1 /TongYouErWeiMaSaoMao/Admin/User/index/id/1.html
INFO: [ app_init ] --START--
INFO: Run Behavior\BuildLiteBehavior [ RunTime:0.000027s ]
INFO: [ app_init ] --END-- [ RunTime:0.000659s ]
INFO: [ app_begin ] --START--
INFO: Run Behavior\ReadHtmlCacheBehavior [ RunTime:0.000965s ]
INFO: [ app_begin ] --END-- [ RunTime:0.001083s ]
INFO: [ view_parse ] --START--
INFO: [ template_filter ] --START--
INFO: Run Behavior\ContentReplaceBehavior [ RunTime:0.000259s ]
INFO: [ template_filter ] --END-- [ RunTime:0.000401s ]
NOTIC: [8] Undefined variable: column_data D:\phpStudy\WWW\TongYouErWeiMaSaoMao\Application\Runtime\Cache\Admin\65e605872ed5d34210f5b33beb13f5a3.php 第 455 行.
NOTIC: [8] Undefined variable: column_data D:\phpStudy\WWW\TongYouErWeiMaSaoMao\Application\Runtime\Cache\Admin\65e605872ed5d34210f5b33beb13f5a3.php 第 481 行.
NOTIC: [8] Undefined variable: list D:\phpStudy\WWW\TongYouErWeiMaSaoMao\Application\Runtime\Cache\Admin\65e605872ed5d34210f5b33beb13f5a3.php 第 498 行.
NOTIC: [8] Undefined variable: page D:\phpStudy\WWW\TongYouErWeiMaSaoMao\Application\Runtime\Cache\Admin\65e605872ed5d34210f5b33beb13f5a3.php 第 511 行.
INFO: Run Behavior\ParseTemplateBehavior [ RunTime:0.024102s ]
INFO: [ view_parse ] --END-- [ RunTime:0.024207s ]
INFO: [ view_filter ] --START--
INFO: Run Behavior\WriteHtmlCacheBehavior [ RunTime:0.000459s ]
INFO: [ view_filter ] --END-- [ RunTime:0.000550s ]
INFO: [ app_end ] --START--
INFO: Run Behavior\ShowPageTraceBehavior [ RunTime:0.001349s ]
INFO: [ app_end ] --END-- [ RunTime:0.001567s ]

[ 2017-06-27T21:37:26+08:00 ] ::1 /TongYouErWeiMaSaoMao/Admin/User/index/id/1.html
INFO: [ app_init ] --START--
INFO: Run Behavior\BuildLiteBehavior [ RunTime:0.000038s ]
INFO: [ app_init ] --END-- [ RunTime:0.001035s ]
INFO: [ app_begin ] --START--
INFO: Run Behavior\ReadHtmlCacheBehavior [ RunTime:0.000924s ]
INFO: [ app_begin ] --END-- [ RunTime:0.001074s ]
INFO: [ view_parse ] --START--
INFO: [ template_filter ] --START--
INFO: Run Behavior\ContentReplaceBehavior [ RunTime:0.000237s ]
INFO: [ template_filter ] --END-- [ RunTime:0.000358s ]
NOTIC: [8] Undefined variable: column_data D:\phpStudy\WWW\TongYouErWeiMaSaoMao\Application\Runtime\Cache\Admin\65e605872ed5d34210f5b33beb13f5a3.php 第 455 行.
NOTIC: [8] Undefined variable: column_data D:\phpStudy\WWW\TongYouErWeiMaSaoMao\Application\Runtime\Cache\Admin\65e605872ed5d34210f5b33beb13f5a3.php 第 481 行.
NOTIC: [8] Undefined variable: list D:\phpStudy\WWW\TongYouErWeiMaSaoMao\Application\Runtime\Cache\Admin\65e605872ed5d34210f5b33beb13f5a3.php 第 498 行.
NOTIC: [8] Undefined variable: page D:\phpStudy\WWW\TongYouErWeiMaSaoMao\Application\Runtime\Cache\Admin\65e605872ed5d34210f5b33beb13f5a3.php 第 511 行.
INFO: Run Behavior\ParseTemplateBehavior [ RunTime:0.025580s ]
INFO: [ view_parse ] --END-- [ RunTime:0.025710s ]
INFO: [ view_filter ] --START--
INFO: Run Behavior\WriteHtmlCacheBehavior [ RunTime:0.000704s ]
INFO: [ view_filter ] --END-- [ RunTime:0.000811s ]
INFO: [ app_end ] --START--
INFO: Run Behavior\ShowPageTraceBehavior [ RunTime:0.001002s ]
INFO: [ app_end ] --END-- [ RunTime:0.001125s ]

[ 2017-06-27T21:37:51+08:00 ] ::1 /TongYouErWeiMaSaoMao/Admin/User/index/id/1.html
INFO: [ app_init ] --START--
INFO: Run Behavior\BuildLiteBehavior [ RunTime:0.000029s ]
INFO: [ app_init ] --END-- [ RunTime:0.000654s ]
INFO: [ app_begin ] --START--
INFO: Run Behavior\ReadHtmlCacheBehavior [ RunTime:0.000997s ]
INFO: [ app_begin ] --END-- [ RunTime:0.001114s ]
INFO: [ view_parse ] --START--
INFO: [ template_filter ] --START--
INFO: Run Behavior\ContentReplaceBehavior [ RunTime:0.000237s ]
INFO: [ template_filter ] --END-- [ RunTime:0.000367s ]
NOTIC: [8] Undefined variable: column_data D:\phpStudy\WWW\TongYouErWeiMaSaoMao\Application\Runtime\Cache\Admin\65e605872ed5d34210f5b33beb13f5a3.php 第 455 行.
NOTIC: [8] Undefined variable: column_data D:\phpStudy\WWW\TongYouErWeiMaSaoMao\Application\Runtime\Cache\Admin\65e605872ed5d34210f5b33beb13f5a3.php 第 481 行.
NOTIC: [8] Undefined variable: list D:\phpStudy\WWW\TongYouErWeiMaSaoMao\Application\Runtime\Cache\Admin\65e605872ed5d34210f5b33beb13f5a3.php 第 498 行.
NOTIC: [8] Undefined variable: page D:\phpStudy\WWW\TongYouErWeiMaSaoMao\Application\Runtime\Cache\Admin\65e605872ed5d34210f5b33beb13f5a3.php 第 511 行.
INFO: Run Behavior\ParseTemplateBehavior [ RunTime:0.028041s ]
INFO: [ view_parse ] --END-- [ RunTime:0.028156s ]
INFO: [ view_filter ] --START--
INFO: Run Behavior\WriteHtmlCacheBehavior [ RunTime:0.000695s ]
INFO: [ view_filter ] --END-- [ RunTime:0.000799s ]
INFO: [ app_end ] --START--
INFO: Run Behavior\ShowPageTraceBehavior [ RunTime:0.001016s ]
INFO: [ app_end ] --END-- [ RunTime:0.001121s ]

[ 2017-06-27T21:37:54+08:00 ] ::1 /TongYouErWeiMaSaoMao/Admin/User/index/id/1.html
INFO: [ app_init ] --START--
INFO: Run Behavior\BuildLiteBehavior [ RunTime:0.000027s ]
INFO: [ app_init ] --END-- [ RunTime:0.000568s ]
INFO: [ app_begin ] --START--
INFO: Run Behavior\ReadHtmlCacheBehavior [ RunTime:0.000776s ]
INFO: [ app_begin ] --END-- [ RunTime:0.000896s ]
INFO: [ view_parse ] --START--
INFO: [ template_filter ] --START--
INFO: Run Behavior\ContentReplaceBehavior [ RunTime:0.000329s ]
INFO: [ template_filter ] --END-- [ RunTime:0.000462s ]
NOTIC: [8] Undefined variable: column_data D:\phpStudy\WWW\TongYouErWeiMaSaoMao\Application\Runtime\Cache\Admin\65e605872ed5d34210f5b33beb13f5a3.php 第 455 行.
NOTIC: [8] Undefined variable: column_data D:\phpStudy\WWW\TongYouErWeiMaSaoMao\Application\Runtime\Cache\Admin\65e605872ed5d34210f5b33beb13f5a3.php 第 481 行.
NOTIC: [8] Undefined variable: list D:\phpStudy\WWW\TongYouErWeiMaSaoMao\Application\Runtime\Cache\Admin\65e605872ed5d34210f5b33beb13f5a3.php 第 498 行.
NOTIC: [8] Undefined variable: page D:\phpStudy\WWW\TongYouErWeiMaSaoMao\Application\Runtime\Cache\Admin\65e605872ed5d34210f5b33beb13f5a3.php 第 511 行.
INFO: Run Behavior\ParseTemplateBehavior [ RunTime:0.026670s ]
INFO: [ view_parse ] --END-- [ RunTime:0.026783s ]
INFO: [ view_filter ] --START--
INFO: Run Behavior\WriteHtmlCacheBehavior [ RunTime:0.000495s ]
INFO: [ view_filter ] --END-- [ RunTime:0.000589s ]
INFO: [ app_end ] --START--
INFO: Run Behavior\ShowPageTraceBehavior [ RunTime:0.001183s ]
INFO: [ app_end ] --END-- [ RunTime:0.001354s ]

[ 2017-06-27T21:37:56+08:00 ] ::1 /TongYouErWeiMaSaoMao/Admin/User/index/id/1.html
INFO: [ app_init ] --START--
INFO: Run Behavior\BuildLiteBehavior [ RunTime:0.000026s ]
INFO: [ app_init ] --END-- [ RunTime:0.000605s ]
INFO: [ app_begin ] --START--
INFO: Run Behavior\ReadHtmlCacheBehavior [ RunTime:0.001983s ]
INFO: [ app_begin ] --END-- [ RunTime:0.002162s ]
INFO: [ view_parse ] --START--
INFO: [ template_filter ] --START--
INFO: Run Behavior\ContentReplaceBehavior [ RunTime:0.000227s ]
INFO: [ template_filter ] --END-- [ RunTime:0.000349s ]
NOTIC: [8] Undefined variable: column_data D:\phpStudy\WWW\TongYouErWeiMaSaoMao\Application\Runtime\Cache\Admin\65e605872ed5d34210f5b33beb13f5a3.php 第 455 行.
NOTIC: [8] Undefined variable: column_data D:\phpStudy\WWW\TongYouErWeiMaSaoMao\Application\Runtime\Cache\Admin\65e605872ed5d34210f5b33beb13f5a3.php 第 481 行.
NOTIC: [8] Undefined variable: list D:\phpStudy\WWW\TongYouErWeiMaSaoMao\Application\Runtime\Cache\Admin\65e605872ed5d34210f5b33beb13f5a3.php 第 498 行.
NOTIC: [8] Undefined variable: page D:\phpStudy\WWW\TongYouErWeiMaSaoMao\Application\Runtime\Cache\Admin\65e605872ed5d34210f5b33beb13f5a3.php 第 511 行.
INFO: Run Behavior\ParseTemplateBehavior [ RunTime:0.023821s ]
INFO: [ view_parse ] --END-- [ RunTime:0.023933s ]
INFO: [ view_filter ] --START--
INFO: Run Behavior\WriteHtmlCacheBehavior [ RunTime:0.000472s ]
INFO: [ view_filter ] --END-- [ RunTime:0.000567s ]
INFO: [ app_end ] --START--
INFO: Run Behavior\ShowPageTraceBehavior [ RunTime:0.000844s ]
INFO: [ app_end ] --END-- [ RunTime:0.000947s ]

[ 2017-06-27T21:37:58+08:00 ] ::1 /TongYouErWeiMaSaoMao/Admin/User/index/id/2.html
INFO: [ app_init ] --START--
INFO: Run Behavior\BuildLiteBehavior [ RunTime:0.000029s ]
INFO: [ app_init ] --END-- [ RunTime:0.000691s ]
INFO: [ app_begin ] --START--
INFO: Run Behavior\ReadHtmlCacheBehavior [ RunTime:0.000772s ]
INFO: [ app_begin ] --END-- [ RunTime:0.000880s ]
INFO: [ view_parse ] --START--
INFO: [ template_filter ] --START--
INFO: Run Behavior\ContentReplaceBehavior [ RunTime:0.000383s ]
INFO: [ template_filter ] --END-- [ RunTime:0.000512s ]
NOTIC: [8] Undefined variable: column_data D:\phpStudy\WWW\TongYouErWeiMaSaoMao\Application\Runtime\Cache\Admin\65e605872ed5d34210f5b33beb13f5a3.php 第 455 行.
NOTIC: [8] Undefined variable: column_data D:\phpStudy\WWW\TongYouErWeiMaSaoMao\Application\Runtime\Cache\Admin\65e605872ed5d34210f5b33beb13f5a3.php 第 481 行.
NOTIC: [8] Undefined variable: list D:\phpStudy\WWW\TongYouErWeiMaSaoMao\Application\Runtime\Cache\Admin\65e605872ed5d34210f5b33beb13f5a3.php 第 498 行.
NOTIC: [8] Undefined variable: page D:\phpStudy\WWW\TongYouErWeiMaSaoMao\Application\Runtime\Cache\Admin\65e605872ed5d34210f5b33beb13f5a3.php 第 511 行.
INFO: Run Behavior\ParseTemplateBehavior [ RunTime:0.024362s ]
INFO: [ view_parse ] --END-- [ RunTime:0.024469s ]
INFO: [ view_filter ] --START--
INFO: Run Behavior\WriteHtmlCacheBehavior [ RunTime:0.000473s ]
INFO: [ view_filter ] --END-- [ RunTime:0.000565s ]
INFO: [ app_end ] --START--
INFO: Run Behavior\ShowPageTraceBehavior [ RunTime:0.001094s ]
INFO: [ app_end ] --END-- [ RunTime:0.001216s ]

[ 2017-06-27T21:38:24+08:00 ] ::1 /TongYouErWeiMaSaoMao/Admin/User/index/id/2.html
INFO: [ app_init ] --START--
INFO: Run Behavior\BuildLiteBehavior [ RunTime:0.000029s ]
INFO: [ app_init ] --END-- [ RunTime:0.000621s ]
INFO: [ app_begin ] --START--
INFO: Run Behavior\ReadHtmlCacheBehavior [ RunTime:0.000838s ]
INFO: [ app_begin ] --END-- [ RunTime:0.001011s ]
INFO: [ view_parse ] --START--
INFO: [ template_filter ] --START--
INFO: Run Behavior\ContentReplaceBehavior [ RunTime:0.000239s ]
INFO: [ template_filter ] --END-- [ RunTime:0.000381s ]
NOTIC: [8] Undefined variable: column_data D:\phpStudy\WWW\TongYouErWeiMaSaoMao\Application\Runtime\Cache\Admin\65e605872ed5d34210f5b33beb13f5a3.php 第 455 行.
NOTIC: [8] Undefined variable: column_data D:\phpStudy\WWW\TongYouErWeiMaSaoMao\Application\Runtime\Cache\Admin\65e605872ed5d34210f5b33beb13f5a3.php 第 481 行.
NOTIC: [8] Undefined variable: list D:\phpStudy\WWW\TongYouErWeiMaSaoMao\Application\Runtime\Cache\Admin\65e605872ed5d34210f5b33beb13f5a3.php 第 498 行.
NOTIC: [8] Undefined variable: page D:\phpStudy\WWW\TongYouErWeiMaSaoMao\Application\Runtime\Cache\Admin\65e605872ed5d34210f5b33beb13f5a3.php 第 511 行.
INFO: Run Behavior\ParseTemplateBehavior [ RunTime:0.025434s ]
INFO: [ view_parse ] --END-- [ RunTime:0.025549s ]
INFO: [ view_filter ] --START--
INFO: Run Behavior\WriteHtmlCacheBehavior [ RunTime:0.000589s ]
INFO: [ view_filter ] --END-- [ RunTime:0.000701s ]
INFO: [ app_end ] --START--
INFO: Run Behavior\ShowPageTraceBehavior [ RunTime:0.001014s ]
INFO: [ app_end ] --END-- [ RunTime:0.001155s ]

[ 2017-06-27T21:38:26+08:00 ] ::1 /TongYouErWeiMaSaoMao/Admin/User/index/id/1.html
INFO: [ app_init ] --START--
INFO: Run Behavior\BuildLiteBehavior [ RunTime:0.000026s ]
INFO: [ app_init ] --END-- [ RunTime:0.000565s ]
INFO: [ app_begin ] --START--
INFO: Run Behavior\ReadHtmlCacheBehavior [ RunTime:0.000788s ]
INFO: [ app_begin ] --END-- [ RunTime:0.000902s ]
INFO: [ view_parse ] --START--
INFO: [ template_filter ] --START--
INFO: Run Behavior\ContentReplaceBehavior [ RunTime:0.000227s ]
INFO: [ template_filter ] --END-- [ RunTime:0.000346s ]
NOTIC: [8] Undefined variable: column_data D:\phpStudy\WWW\TongYouErWeiMaSaoMao\Application\Runtime\Cache\Admin\65e605872ed5d34210f5b33beb13f5a3.php 第 455 行.
NOTIC: [8] Undefined variable: column_data D:\phpStudy\WWW\TongYouErWeiMaSaoMao\Application\Runtime\Cache\Admin\65e605872ed5d34210f5b33beb13f5a3.php 第 481 行.
NOTIC: [8] Undefined variable: list D:\phpStudy\WWW\TongYouErWeiMaSaoMao\Application\Runtime\Cache\Admin\65e605872ed5d34210f5b33beb13f5a3.php 第 498 行.
NOTIC: [8] Undefined variable: page D:\phpStudy\WWW\TongYouErWeiMaSaoMao\Application\Runtime\Cache\Admin\65e605872ed5d34210f5b33beb13f5a3.php 第 511 行.
INFO: Run Behavior\ParseTemplateBehavior [ RunTime:0.024225s ]
INFO: [ view_parse ] --END-- [ RunTime:0.024358s ]
INFO: [ view_filter ] --START--
INFO: Run Behavior\WriteHtmlCacheBehavior [ RunTime:0.000534s ]
INFO: [ view_filter ] --END-- [ RunTime:0.000632s ]
INFO: [ app_end ] --START--
INFO: Run Behavior\ShowPageTraceBehavior [ RunTime:0.000859s ]
INFO: [ app_end ] --END-- [ RunTime:0.000962s ]

[ 2017-06-27T21:38:45+08:00 ] ::1 /TongYouErWeiMaSaoMao/Admin/User/index/id/1.html
INFO: [ app_init ] --START--
INFO: Run Behavior\BuildLiteBehavior [ RunTime:0.000027s ]
INFO: [ app_init ] --END-- [ RunTime:0.000589s ]
INFO: [ app_begin ] --START--
INFO: Run Behavior\ReadHtmlCacheBehavior [ RunTime:0.001295s ]
INFO: [ app_begin ] --END-- [ RunTime:0.001420s ]
INFO: [ view_parse ] --START--
INFO: [ template_filter ] --START--
INFO: Run Behavior\ContentReplaceBehavior [ RunTime:0.000248s ]
INFO: [ template_filter ] --END-- [ RunTime:0.000374s ]
NOTIC: [8] Undefined variable: column_data D:\phpStudy\WWW\TongYouErWeiMaSaoMao\Application\Runtime\Cache\Admin\65e605872ed5d34210f5b33beb13f5a3.php 第 455 行.
NOTIC: [8] Undefined variable: column_data D:\phpStudy\WWW\TongYouErWeiMaSaoMao\Application\Runtime\Cache\Admin\65e605872ed5d34210f5b33beb13f5a3.php 第 481 行.
NOTIC: [8] Undefined variable: list D:\phpStudy\WWW\TongYouErWeiMaSaoMao\Application\Runtime\Cache\Admin\65e605872ed5d34210f5b33beb13f5a3.php 第 498 行.
NOTIC: [8] Undefined variable: page D:\phpStudy\WWW\TongYouErWeiMaSaoMao\Application\Runtime\Cache\Admin\65e605872ed5d34210f5b33beb13f5a3.php 第 511 行.
INFO: Run Behavior\ParseTemplateBehavior [ RunTime:0.203446s ]
INFO: [ view_parse ] --END-- [ RunTime:0.203568s ]
INFO: [ view_filter ] --START--
INFO: Run Behavior\WriteHtmlCacheBehavior [ RunTime:0.000523s ]
INFO: [ view_filter ] --END-- [ RunTime:0.005323s ]
INFO: [ app_end ] --START--
INFO: Run Behavior\ShowPageTraceBehavior [ RunTime:0.004727s ]
INFO: [ app_end ] --END-- [ RunTime:0.004864s ]

[ 2017-06-27T21:38:47+08:00 ] ::1 /TongYouErWeiMaSaoMao/Admin/User/index/id/1.html
INFO: [ app_init ] --START--
INFO: Run Behavior\BuildLiteBehavior [ RunTime:0.000028s ]
INFO: [ app_init ] --END-- [ RunTime:0.000618s ]
INFO: [ app_begin ] --START--
INFO: Run Behavior\ReadHtmlCacheBehavior [ RunTime:0.000812s ]
INFO: [ app_begin ] --END-- [ RunTime:0.000939s ]
INFO: [ view_parse ] --START--
INFO: [ template_filter ] --START--
INFO: Run Behavior\ContentReplaceBehavior [ RunTime:0.000240s ]
INFO: [ template_filter ] --END-- [ RunTime:0.000365s ]
NOTIC: [8] Undefined variable: column_data D:\phpStudy\WWW\TongYouErWeiMaSaoMao\Application\Runtime\Cache\Admin\65e605872ed5d34210f5b33beb13f5a3.php 第 455 行.
NOTIC: [8] Undefined variable: column_data D:\phpStudy\WWW\TongYouErWeiMaSaoMao\Application\Runtime\Cache\Admin\65e605872ed5d34210f5b33beb13f5a3.php 第 481 行.
NOTIC: [8] Undefined variable: list D:\phpStudy\WWW\TongYouErWeiMaSaoMao\Application\Runtime\Cache\Admin\65e605872ed5d34210f5b33beb13f5a3.php 第 498 行.
NOTIC: [8] Undefined variable: page D:\phpStudy\WWW\TongYouErWeiMaSaoMao\Application\Runtime\Cache\Admin\65e605872ed5d34210f5b33beb13f5a3.php 第 511 行.
INFO: Run Behavior\ParseTemplateBehavior [ RunTime:0.026994s ]
INFO: [ view_parse ] --END-- [ RunTime:0.027114s ]
INFO: [ view_filter ] --START--
INFO: Run Behavior\WriteHtmlCacheBehavior [ RunTime:0.000478s ]
INFO: [ view_filter ] --END-- [ RunTime:0.000573s ]
INFO: [ app_end ] --START--
INFO: Run Behavior\ShowPageTraceBehavior [ RunTime:0.001032s ]
INFO: [ app_end ] --END-- [ RunTime:0.001150s ]

[ 2017-06-27T21:38:48+08:00 ] ::1 /TongYouErWeiMaSaoMao/Admin/User/index/id/2.html
INFO: [ app_init ] --START--
INFO: Run Behavior\BuildLiteBehavior [ RunTime:0.000032s ]
INFO: [ app_init ] --END-- [ RunTime:0.000616s ]
INFO: [ app_begin ] --START--
INFO: Run Behavior\ReadHtmlCacheBehavior [ RunTime:0.000868s ]
INFO: [ app_begin ] --END-- [ RunTime:0.001021s ]
INFO: [ view_parse ] --START--
INFO: [ template_filter ] --START--
INFO: Run Behavior\ContentReplaceBehavior [ RunTime:0.000234s ]
INFO: [ template_filter ] --END-- [ RunTime:0.000364s ]
NOTIC: [8] Undefined variable: column_data D:\phpStudy\WWW\TongYouErWeiMaSaoMao\Application\Runtime\Cache\Admin\65e605872ed5d34210f5b33beb13f5a3.php 第 455 行.
NOTIC: [8] Undefined variable: column_data D:\phpStudy\WWW\TongYouErWeiMaSaoMao\Application\Runtime\Cache\Admin\65e605872ed5d34210f5b33beb13f5a3.php 第 481 行.
NOTIC: [8] Undefined variable: list D:\phpStudy\WWW\TongYouErWeiMaSaoMao\Application\Runtime\Cache\Admin\65e605872ed5d34210f5b33beb13f5a3.php 第 498 行.
NOTIC: [8] Undefined variable: page D:\phpStudy\WWW\TongYouErWeiMaSaoMao\Application\Runtime\Cache\Admin\65e605872ed5d34210f5b33beb13f5a3.php 第 511 行.
INFO: Run Behavior\ParseTemplateBehavior [ RunTime:0.024130s ]
INFO: [ view_parse ] --END-- [ RunTime:0.024243s ]
INFO: [ view_filter ] --START--
INFO: Run Behavior\WriteHtmlCacheBehavior [ RunTime:0.000513s ]
INFO: [ view_filter ] --END-- [ RunTime:0.000609s ]
INFO: [ app_end ] --START--
INFO: Run Behavior\ShowPageTraceBehavior [ RunTime:0.000857s ]
INFO: [ app_end ] --END-- [ RunTime:0.000997s ]

[ 2017-06-27T21:38:52+08:00 ] ::1 /TongYouErWeiMaSaoMao/Admin/Config/index.html
INFO: [ app_init ] --START--
INFO: Run Behavior\BuildLiteBehavior [ RunTime:0.000027s ]
INFO: [ app_init ] --END-- [ RunTime:0.000608s ]
INFO: [ app_begin ] --START--
INFO: Run Behavior\ReadHtmlCacheBehavior [ RunTime:0.001592s ]
INFO: [ app_begin ] --END-- [ RunTime:0.001717s ]
SQL: SHOW COLUMNS FROM `think_config` [ RunTime:0.0091s ]
SQL: SELECT * FROM `think_config` WHERE ( id=1 ) LIMIT 1   [ RunTime:0.0017s ]
INFO: [ view_parse ] --START--
INFO: [ template_filter ] --START--
INFO: Run Behavior\ContentReplaceBehavior [ RunTime:0.000291s ]
INFO: [ template_filter ] --END-- [ RunTime:0.000437s ]
INFO: Run Behavior\ParseTemplateBehavior [ RunTime:0.036700s ]
INFO: [ view_parse ] --END-- [ RunTime:0.036900s ]
INFO: [ view_filter ] --START--
INFO: Run Behavior\WriteHtmlCacheBehavior [ RunTime:0.000563s ]
INFO: [ view_filter ] --END-- [ RunTime:0.000673s ]
INFO: [ app_end ] --START--
INFO: Run Behavior\ShowPageTraceBehavior [ RunTime:0.000966s ]
INFO: [ app_end ] --END-- [ RunTime:0.001098s ]

[ 2017-06-27T21:38:52+08:00 ] ::1 /TongYouErWeiMaSaoMao/Admin/Config/favicon.ico
INFO: [ app_init ] --START--
INFO: Run Behavior\BuildLiteBehavior [ RunTime:0.000031s ]
INFO: [ app_init ] --END-- [ RunTime:0.000660s ]

[ 2017-06-27T21:38:53+08:00 ] ::1 /TongYouErWeiMaSaoMao/Admin/User/index/id/1.html
INFO: [ app_init ] --START--
INFO: Run Behavior\BuildLiteBehavior [ RunTime:0.000026s ]
INFO: [ app_init ] --END-- [ RunTime:0.000565s ]
INFO: [ app_begin ] --START--
INFO: Run Behavior\ReadHtmlCacheBehavior [ RunTime:0.000741s ]
INFO: [ app_begin ] --END-- [ RunTime:0.000853s ]
INFO: [ view_parse ] --START--
INFO: [ template_filter ] --START--
INFO: Run Behavior\ContentReplaceBehavior [ RunTime:0.000234s ]
INFO: [ template_filter ] --END-- [ RunTime:0.000366s ]
NOTIC: [8] Undefined variable: column_data D:\phpStudy\WWW\TongYouErWeiMaSaoMao\Application\Runtime\Cache\Admin\65e605872ed5d34210f5b33beb13f5a3.php 第 455 行.
NOTIC: [8] Undefined variable: column_data D:\phpStudy\WWW\TongYouErWeiMaSaoMao\Application\Runtime\Cache\Admin\65e605872ed5d34210f5b33beb13f5a3.php 第 481 行.
NOTIC: [8] Undefined variable: list D:\phpStudy\WWW\TongYouErWeiMaSaoMao\Application\Runtime\Cache\Admin\65e605872ed5d34210f5b33beb13f5a3.php 第 498 行.
NOTIC: [8] Undefined variable: page D:\phpStudy\WWW\TongYouErWeiMaSaoMao\Application\Runtime\Cache\Admin\65e605872ed5d34210f5b33beb13f5a3.php 第 511 行.
INFO: Run Behavior\ParseTemplateBehavior [ RunTime:0.023062s ]
INFO: [ view_parse ] --END-- [ RunTime:0.023187s ]
INFO: [ view_filter ] --START--
INFO: Run Behavior\WriteHtmlCacheBehavior [ RunTime:0.000557s ]
INFO: [ view_filter ] --END-- [ RunTime:0.000658s ]
INFO: [ app_end ] --START--
INFO: Run Behavior\ShowPageTraceBehavior [ RunTime:0.000864s ]
INFO: [ app_end ] --END-- [ RunTime:0.000972s ]

[ 2017-06-27T21:39:05+08:00 ] ::1 /TongYouErWeiMaSaoMao/Admin/User/index/id/1.html
INFO: [ app_init ] --START--
INFO: Run Behavior\BuildLiteBehavior [ RunTime:0.000026s ]
INFO: [ app_init ] --END-- [ RunTime:0.000571s ]
INFO: [ app_begin ] --START--
INFO: Run Behavior\ReadHtmlCacheBehavior [ RunTime:0.000986s ]
INFO: [ app_begin ] --END-- [ RunTime:0.001102s ]
INFO: [ view_parse ] --START--
INFO: [ template_filter ] --START--
INFO: Run Behavior\ContentReplaceBehavior [ RunTime:0.000356s ]
INFO: [ template_filter ] --END-- [ RunTime:0.000493s ]
NOTIC: [8] Undefined variable: column_data D:\phpStudy\WWW\TongYouErWeiMaSaoMao\Application\Runtime\Cache\Admin\65e605872ed5d34210f5b33beb13f5a3.php 第 455 行.
NOTIC: [8] Undefined variable: column_data D:\phpStudy\WWW\TongYouErWeiMaSaoMao\Application\Runtime\Cache\Admin\65e605872ed5d34210f5b33beb13f5a3.php 第 481 行.
NOTIC: [8] Undefined variable: list D:\phpStudy\WWW\TongYouErWeiMaSaoMao\Application\Runtime\Cache\Admin\65e605872ed5d34210f5b33beb13f5a3.php 第 498 行.
NOTIC: [8] Undefined variable: page D:\phpStudy\WWW\TongYouErWeiMaSaoMao\Application\Runtime\Cache\Admin\65e605872ed5d34210f5b33beb13f5a3.php 第 511 行.
INFO: Run Behavior\ParseTemplateBehavior [ RunTime:0.023938s ]
INFO: [ view_parse ] --END-- [ RunTime:0.024051s ]
INFO: [ view_filter ] --START--
INFO: Run Behavior\WriteHtmlCacheBehavior [ RunTime:0.000463s ]
INFO: [ view_filter ] --END-- [ RunTime:0.000582s ]
INFO: [ app_end ] --START--
INFO: Run Behavior\ShowPageTraceBehavior [ RunTime:0.000856s ]
INFO: [ app_end ] --END-- [ RunTime:0.001193s ]

[ 2017-06-27T21:39:10+08:00 ] ::1 /TongYouErWeiMaSaoMao/Admin/User/index/id/1.html
INFO: [ app_init ] --START--
INFO: Run Behavior\BuildLiteBehavior [ RunTime:0.000028s ]
INFO: [ app_init ] --END-- [ RunTime:0.000683s ]
INFO: [ app_begin ] --START--
INFO: Run Behavior\ReadHtmlCacheBehavior [ RunTime:0.000779s ]
INFO: [ app_begin ] --END-- [ RunTime:0.000892s ]
INFO: [ view_parse ] --START--
INFO: [ template_filter ] --START--
INFO: Run Behavior\ContentReplaceBehavior [ RunTime:0.000236s ]
INFO: [ template_filter ] --END-- [ RunTime:0.000387s ]
NOTIC: [8] Undefined variable: column_data D:\phpStudy\WWW\TongYouErWeiMaSaoMao\Application\Runtime\Cache\Admin\65e605872ed5d34210f5b33beb13f5a3.php 第 455 行.
NOTIC: [8] Undefined variable: column_data D:\phpStudy\WWW\TongYouErWeiMaSaoMao\Application\Runtime\Cache\Admin\65e605872ed5d34210f5b33beb13f5a3.php 第 481 行.
NOTIC: [8] Undefined variable: list D:\phpStudy\WWW\TongYouErWeiMaSaoMao\Application\Runtime\Cache\Admin\65e605872ed5d34210f5b33beb13f5a3.php 第 498 行.
NOTIC: [8] Undefined variable: page D:\phpStudy\WWW\TongYouErWeiMaSaoMao\Application\Runtime\Cache\Admin\65e605872ed5d34210f5b33beb13f5a3.php 第 511 行.
INFO: Run Behavior\ParseTemplateBehavior [ RunTime:0.024194s ]
INFO: [ view_parse ] --END-- [ RunTime:0.024305s ]
INFO: [ view_filter ] --START--
INFO: Run Behavior\WriteHtmlCacheBehavior [ RunTime:0.000451s ]
INFO: [ view_filter ] --END-- [ RunTime:0.000544s ]
INFO: [ app_end ] --START--
INFO: Run Behavior\ShowPageTraceBehavior [ RunTime:0.001031s ]
INFO: [ app_end ] --END-- [ RunTime:0.001171s ]

[ 2017-06-27T21:39:11+08:00 ] ::1 /TongYouErWeiMaSaoMao/Admin/User/index/id/2.html
INFO: [ app_init ] --START--
INFO: Run Behavior\BuildLiteBehavior [ RunTime:0.000028s ]
INFO: [ app_init ] --END-- [ RunTime:0.000577s ]
INFO: [ app_begin ] --START--
INFO: Run Behavior\ReadHtmlCacheBehavior [ RunTime:0.001028s ]
INFO: [ app_begin ] --END-- [ RunTime:0.001157s ]
INFO: [ view_parse ] --START--
INFO: [ template_filter ] --START--
INFO: Run Behavior\ContentReplaceBehavior [ RunTime:0.000233s ]
INFO: [ template_filter ] --END-- [ RunTime:0.000361s ]
NOTIC: [8] Undefined variable: column_data D:\phpStudy\WWW\TongYouErWeiMaSaoMao\Application\Runtime\Cache\Admin\65e605872ed5d34210f5b33beb13f5a3.php 第 455 行.
NOTIC: [8] Undefined variable: column_data D:\phpStudy\WWW\TongYouErWeiMaSaoMao\Application\Runtime\Cache\Admin\65e605872ed5d34210f5b33beb13f5a3.php 第 481 行.
NOTIC: [8] Undefined variable: list D:\phpStudy\WWW\TongYouErWeiMaSaoMao\Application\Runtime\Cache\Admin\65e605872ed5d34210f5b33beb13f5a3.php 第 498 行.
NOTIC: [8] Undefined variable: page D:\phpStudy\WWW\TongYouErWeiMaSaoMao\Application\Runtime\Cache\Admin\65e605872ed5d34210f5b33beb13f5a3.php 第 511 行.
INFO: Run Behavior\ParseTemplateBehavior [ RunTime:0.026167s ]
INFO: [ view_parse ] --END-- [ RunTime:0.026275s ]
INFO: [ view_filter ] --START--
INFO: Run Behavior\WriteHtmlCacheBehavior [ RunTime:0.000431s ]
INFO: [ view_filter ] --END-- [ RunTime:0.000524s ]
INFO: [ app_end ] --START--
INFO: Run Behavior\ShowPageTraceBehavior [ RunTime:0.003151s ]
INFO: [ app_end ] --END-- [ RunTime:0.003279s ]

[ 2017-06-27T21:39:52+08:00 ] ::1 /TongYouErWeiMaSaoMao/Admin/User/index/id/2.html
INFO: [ app_init ] --START--
INFO: Run Behavior\BuildLiteBehavior [ RunTime:0.000027s ]
INFO: [ app_init ] --END-- [ RunTime:0.000669s ]
INFO: [ app_begin ] --START--
INFO: Run Behavior\ReadHtmlCacheBehavior [ RunTime:0.000977s ]
INFO: [ app_begin ] --END-- [ RunTime:0.001097s ]
ERR: 非法操作:index

[ 2017-06-27T21:39:57+08:00 ] ::1 /TongYouErWeiMaSaoMao/Admin/User/index/id/1.html
INFO: [ app_init ] --START--
INFO: Run Behavior\BuildLiteBehavior [ RunTime:0.000026s ]
INFO: [ app_init ] --END-- [ RunTime:0.000572s ]
INFO: [ app_begin ] --START--
INFO: Run Behavior\ReadHtmlCacheBehavior [ RunTime:0.000735s ]
INFO: [ app_begin ] --END-- [ RunTime:0.000840s ]
ERR: 非法操作:index

[ 2017-06-27T21:40:03+08:00 ] ::1 /TongYouErWeiMaSaoMao/Admin/Config/index.html
INFO: [ app_init ] --START--
INFO: Run Behavior\BuildLiteBehavior [ RunTime:0.000028s ]
INFO: [ app_init ] --END-- [ RunTime:0.000568s ]
INFO: [ app_begin ] --START--
INFO: Run Behavior\ReadHtmlCacheBehavior [ RunTime:0.000916s ]
INFO: [ app_begin ] --END-- [ RunTime:0.001102s ]
SQL: SHOW COLUMNS FROM `think_config` [ RunTime:0.0059s ]
SQL: SELECT * FROM `think_config` WHERE ( id=1 ) LIMIT 1   [ RunTime:0.0011s ]
INFO: [ view_parse ] --START--
INFO: [ template_filter ] --START--
INFO: Run Behavior\ContentReplaceBehavior [ RunTime:0.000296s ]
INFO: [ template_filter ] --END-- [ RunTime:0.000416s ]
INFO: Run Behavior\ParseTemplateBehavior [ RunTime:0.028018s ]
INFO: [ view_parse ] --END-- [ RunTime:0.028186s ]
INFO: [ view_filter ] --START--
INFO: Run Behavior\WriteHtmlCacheBehavior [ RunTime:0.000674s ]
INFO: [ view_filter ] --END-- [ RunTime:0.000772s ]
INFO: [ app_end ] --START--
INFO: Run Behavior\ShowPageTraceBehavior [ RunTime:0.001032s ]
INFO: [ app_end ] --END-- [ RunTime:0.001179s ]

[ 2017-06-27T21:40:05+08:00 ] ::1 /TongYouErWeiMaSaoMao/Admin/User/lists/id/1.html
INFO: [ app_init ] --START--
INFO: Run Behavior\BuildLiteBehavior [ RunTime:0.000027s ]
INFO: [ app_init ] --END-- [ RunTime:0.000567s ]
INFO: [ app_begin ] --START--
INFO: Run Behavior\ReadHtmlCacheBehavior [ RunTime:0.000749s ]
INFO: [ app_begin ] --END-- [ RunTime:0.000865s ]
SQL: SHOW COLUMNS FROM `think_auth_group_access` [ RunTime:0.0058s ]
SQL: SHOW COLUMNS FROM `think_member` [ RunTime:0.0070s ]
SQL: SELECT `uid` FROM `think_auth_group_access` WHERE ( group_id=1 )  [ RunTime:0.0010s ]
SQL: SELECT COUNT(*) AS tp_count FROM `think_member` WHERE `id` IN ('4') LIMIT 1   [ RunTime:0.0007s ]
SQL: SELECT * FROM `think_member` WHERE `id` IN ('4') ORDER BY id DESC LIMIT 0,25   [ RunTime:0.0011s ]
INFO: [ app_end ] --START--
INFO: Run Behavior\ShowPageTraceBehavior [ RunTime:0.001438s ]
INFO: [ app_end ] --END-- [ RunTime:0.001601s ]

[ 2017-06-27T21:40:24+08:00 ] ::1 /TongYouErWeiMaSaoMao/Admin/Config/index.html
INFO: [ app_init ] --START--
INFO: Run Behavior\BuildLiteBehavior [ RunTime:0.000057s ]
INFO: [ app_init ] --END-- [ RunTime:0.000882s ]
INFO: [ app_begin ] --START--
INFO: Run Behavior\ReadHtmlCacheBehavior [ RunTime:0.000771s ]
INFO: [ app_begin ] --END-- [ RunTime:0.000885s ]
SQL: SHOW COLUMNS FROM `think_config` [ RunTime:0.0043s ]
SQL: SELECT * FROM `think_config` WHERE ( id=1 ) LIMIT 1   [ RunTime:0.0008s ]
INFO: [ view_parse ] --START--
INFO: [ template_filter ] --START--
INFO: Run Behavior\ContentReplaceBehavior [ RunTime:0.000296s ]
INFO: [ template_filter ] --END-- [ RunTime:0.000417s ]
INFO: Run Behavior\ParseTemplateBehavior [ RunTime:0.022734s ]
INFO: [ view_parse ] --END-- [ RunTime:0.022857s ]
INFO: [ view_filter ] --START--
INFO: Run Behavior\WriteHtmlCacheBehavior [ RunTime:0.000469s ]
INFO: [ view_filter ] --END-- [ RunTime:0.000560s ]
INFO: [ app_end ] --START--
INFO: Run Behavior\ShowPageTraceBehavior [ RunTime:0.001426s ]
INFO: [ app_end ] --END-- [ RunTime:0.001558s ]

[ 2017-06-27T21:40:26+08:00 ] ::1 /TongYouErWeiMaSaoMao/Admin/User/lists/id/1.html
INFO: [ app_init ] --START--
INFO: Run Behavior\BuildLiteBehavior [ RunTime:0.000028s ]
INFO: [ app_init ] --END-- [ RunTime:0.000575s ]
INFO: [ app_begin ] --START--
INFO: Run Behavior\ReadHtmlCacheBehavior [ RunTime:0.000771s ]
INFO: [ app_begin ] --END-- [ RunTime:0.000878s ]
SQL: SHOW COLUMNS FROM `think_auth_group_access` [ RunTime:0.0053s ]
SQL: SHOW COLUMNS FROM `think_member` [ RunTime:0.0053s ]
SQL: SELECT `uid` FROM `think_auth_group_access` WHERE ( group_id=1 )  [ RunTime:0.0008s ]
SQL: SELECT COUNT(*) AS tp_count FROM `think_member` WHERE `id` IN ('4') LIMIT 1   [ RunTime:0.0007s ]
SQL: SELECT * FROM `think_member` WHERE `id` IN ('4') ORDER BY id DESC LIMIT 0,25   [ RunTime:0.0011s ]
INFO: [ view_parse ] --START--
INFO: [ template_filter ] --START--
INFO: Run Behavior\ContentReplaceBehavior [ RunTime:0.000233s ]
INFO: [ template_filter ] --END-- [ RunTime:0.000348s ]
NOTIC: [8] Undefined variable: column_data D:\phpStudy\WWW\TongYouErWeiMaSaoMao\Application\Runtime\Cache\Admin\07a7390f5188fd09cd264af8c6efc1dc.php 第 455 行.
NOTIC: [8] Undefined variable: column_data D:\phpStudy\WWW\TongYouErWeiMaSaoMao\Application\Runtime\Cache\Admin\07a7390f5188fd09cd264af8c6efc1dc.php 第 481 行.
NOTIC: [8] Undefined index: title D:\phpStudy\WWW\TongYouErWeiMaSaoMao\Application\Runtime\Cache\Admin\07a7390f5188fd09cd264af8c6efc1dc.php 第 500 行.
NOTIC: [8] Undefined index: column_id D:\phpStudy\WWW\TongYouErWeiMaSaoMao\Application\Runtime\Cache\Admin\07a7390f5188fd09cd264af8c6efc1dc.php 第 503 行.
INFO: Run Behavior\ParseTemplateBehavior [ RunTime:0.027430s ]
INFO: [ view_parse ] --END-- [ RunTime:0.027640s ]
INFO: [ view_filter ] --START--
INFO: Run Behavior\WriteHtmlCacheBehavior [ RunTime:0.000511s ]
INFO: [ view_filter ] --END-- [ RunTime:0.000606s ]
INFO: [ app_end ] --START--
INFO: Run Behavior\ShowPageTraceBehavior [ RunTime:0.000967s ]
INFO: [ app_end ] --END-- [ RunTime:0.001083s ]

[ 2017-06-27T21:40:26+08:00 ] ::1 /TongYouErWeiMaSaoMao/Admin/User/lists/id/favicon.ico
INFO: [ app_init ] --START--
INFO: Run Behavior\BuildLiteBehavior [ RunTime:0.000030s ]
INFO: [ app_init ] --END-- [ RunTime:0.000682s ]

[ 2017-06-27T21:46:39+08:00 ] ::1 /TongYouErWeiMaSaoMao/Admin/User/lists/id/1.html
INFO: [ app_init ] --START--
INFO: Run Behavior\BuildLiteBehavior [ RunTime:0.000031s ]
INFO: [ app_init ] --END-- [ RunTime:0.000954s ]
INFO: [ app_begin ] --START--
INFO: Run Behavior\ReadHtmlCacheBehavior [ RunTime:0.002515s ]
INFO: [ app_begin ] --END-- [ RunTime:0.002851s ]
SQL: SHOW COLUMNS FROM `think_auth_group` [ RunTime:0.0051s ]
SQL: SHOW COLUMNS FROM `think_auth_group_access` [ RunTime:0.0043s ]
SQL: SHOW COLUMNS FROM `think_member` [ RunTime:0.0055s ]
SQL: SELECT * FROM `think_auth_group` WHERE ( id=1 ) LIMIT 1   [ RunTime:0.0008s ]
SQL: SELECT `uid` FROM `think_auth_group_access` WHERE ( group_id=1 )  [ RunTime:0.0006s ]
SQL: SELECT COUNT(*) AS tp_count FROM `think_member` WHERE `id` IN ('4') LIMIT 1   [ RunTime:0.0005s ]
SQL: SELECT * FROM `think_member` WHERE `id` IN ('4') ORDER BY id DESC LIMIT 0,25   [ RunTime:0.0015s ]
INFO: [ view_parse ] --START--
INFO: [ template_filter ] --START--
INFO: Run Behavior\ContentReplaceBehavior [ RunTime:0.000229s ]
INFO: [ template_filter ] --END-- [ RunTime:0.000345s ]
NOTIC: [8] Undefined variable: column_data D:\phpStudy\WWW\TongYouErWeiMaSaoMao\Application\Runtime\Cache\Admin\07a7390f5188fd09cd264af8c6efc1dc.php 第 481 行.
NOTIC: [8] Undefined index: title D:\phpStudy\WWW\TongYouErWeiMaSaoMao\Application\Runtime\Cache\Admin\07a7390f5188fd09cd264af8c6efc1dc.php 第 500 行.
NOTIC: [8] Undefined index: column_id D:\phpStudy\WWW\TongYouErWeiMaSaoMao\Application\Runtime\Cache\Admin\07a7390f5188fd09cd264af8c6efc1dc.php 第 503 行.
INFO: Run Behavior\ParseTemplateBehavior [ RunTime:0.032704s ]
INFO: [ view_parse ] --END-- [ RunTime:0.033039s ]
INFO: [ view_filter ] --START--
INFO: Run Behavior\WriteHtmlCacheBehavior [ RunTime:0.001685s ]
INFO: [ view_filter ] --END-- [ RunTime:0.001798s ]
INFO: [ app_end ] --START--
INFO: Run Behavior\ShowPageTraceBehavior [ RunTime:0.002035s ]
INFO: [ app_end ] --END-- [ RunTime:0.002158s ]

[ 2017-06-27T21:46:56+08:00 ] ::1 /TongYouErWeiMaSaoMao/Admin/User/lists/id/1.html
INFO: [ app_init ] --START--
INFO: Run Behavior\BuildLiteBehavior [ RunTime:0.000031s ]
INFO: [ app_init ] --END-- [ RunTime:0.000859s ]
INFO: [ app_begin ] --START--
INFO: Run Behavior\ReadHtmlCacheBehavior [ RunTime:0.005294s ]
INFO: [ app_begin ] --END-- [ RunTime:0.005460s ]
SQL: SHOW COLUMNS FROM `think_auth_group` [ RunTime:0.0097s ]
SQL: SHOW COLUMNS FROM `think_auth_group_access` [ RunTime:0.0091s ]
SQL: SHOW COLUMNS FROM `think_member` [ RunTime:0.0109s ]
SQL: SELECT * FROM `think_auth_group` WHERE ( id=1 ) LIMIT 1   [ RunTime:0.0016s ]
SQL: SELECT `uid` FROM `think_auth_group_access` WHERE ( group_id=1 )  [ RunTime:0.0008s ]
SQL: SELECT COUNT(*) AS tp_count FROM `think_member` WHERE `id` IN ('4') LIMIT 1   [ RunTime:0.0007s ]
SQL: SELECT * FROM `think_member` WHERE `id` IN ('4') ORDER BY id DESC LIMIT 0,25   [ RunTime:0.0010s ]
INFO: [ view_parse ] --START--
INFO: [ template_filter ] --START--
INFO: Run Behavior\ContentReplaceBehavior [ RunTime:0.000227s ]
INFO: [ template_filter ] --END-- [ RunTime:0.000344s ]
NOTIC: [8] Undefined index: title D:\phpStudy\WWW\TongYouErWeiMaSaoMao\Application\Runtime\Cache\Admin\07a7390f5188fd09cd264af8c6efc1dc.php 第 500 行.
NOTIC: [8] Undefined index: column_id D:\phpStudy\WWW\TongYouErWeiMaSaoMao\Application\Runtime\Cache\Admin\07a7390f5188fd09cd264af8c6efc1dc.php 第 503 行.
INFO: Run Behavior\ParseTemplateBehavior [ RunTime:0.029362s ]
INFO: [ view_parse ] --END-- [ RunTime:0.029506s ]
INFO: [ view_filter ] --START--
INFO: Run Behavior\WriteHtmlCacheBehavior [ RunTime:0.000961s ]
INFO: [ view_filter ] --END-- [ RunTime:0.001056s ]
INFO: [ app_end ] --START--
INFO: Run Behavior\ShowPageTraceBehavior [ RunTime:0.001358s ]
INFO: [ app_end ] --END-- [ RunTime:0.001541s ]

[ 2017-06-27T21:48:33+08:00 ] ::1 /TongYouErWeiMaSaoMao/Admin/User/lists/id/1.html
INFO: [ app_init ] --START--
INFO: Run Behavior\BuildLiteBehavior [ RunTime:0.000028s ]
INFO: [ app_init ] --END-- [ RunTime:0.000754s ]
INFO: [ app_begin ] --START--
INFO: Run Behavior\ReadHtmlCacheBehavior [ RunTime:0.001181s ]
INFO: [ app_begin ] --END-- [ RunTime:0.001292s ]
SQL: SHOW COLUMNS FROM `think_auth_group` [ RunTime:0.0057s ]
SQL: SHOW COLUMNS FROM `think_auth_group_access` [ RunTime:0.0057s ]
SQL: SHOW COLUMNS FROM `think_member` [ RunTime:0.0061s ]
SQL: SELECT * FROM `think_auth_group` WHERE ( id=1 ) LIMIT 1   [ RunTime:0.0010s ]
SQL: SELECT `uid` FROM `think_auth_group_access` WHERE ( group_id=1 )  [ RunTime:0.0008s ]
SQL: SELECT COUNT(*) AS tp_count FROM `think_member` WHERE `id` IN ('4') LIMIT 1   [ RunTime:0.0011s ]
SQL: SELECT * FROM `think_member` WHERE `id` IN ('4') ORDER BY id DESC LIMIT 0,25   [ RunTime:0.0011s ]
INFO: [ view_parse ] --START--
INFO: [ template_filter ] --START--
INFO: Run Behavior\ContentReplaceBehavior [ RunTime:0.000228s ]
INFO: [ template_filter ] --END-- [ RunTime:0.000346s ]
NOTIC: [8] Undefined index: column_id D:\phpStudy\WWW\TongYouErWeiMaSaoMao\Application\Runtime\Cache\Admin\07a7390f5188fd09cd264af8c6efc1dc.php 第 505 行.
INFO: Run Behavior\ParseTemplateBehavior [ RunTime:0.027617s ]
INFO: [ view_parse ] --END-- [ RunTime:0.027823s ]
INFO: [ view_filter ] --START--
INFO: Run Behavior\WriteHtmlCacheBehavior [ RunTime:0.001382s ]
INFO: [ view_filter ] --END-- [ RunTime:0.001552s ]
INFO: [ app_end ] --START--
INFO: Run Behavior\ShowPageTraceBehavior [ RunTime:0.001474s ]
INFO: [ app_end ] --END-- [ RunTime:0.001594s ]

[ 2017-06-27T21:49:02+08:00 ] ::1 /TongYouErWeiMaSaoMao/Admin/User/lists/id/1.html
INFO: [ app_init ] --START--
INFO: Run Behavior\BuildLiteBehavior [ RunTime:0.000032s ]
INFO: [ app_init ] --END-- [ RunTime:0.000822s ]
INFO: [ app_begin ] --START--
INFO: Run Behavior\ReadHtmlCacheBehavior [ RunTime:0.001308s ]
INFO: [ app_begin ] --END-- [ RunTime:0.001445s ]
SQL: SHOW COLUMNS FROM `think_auth_group` [ RunTime:0.0064s ]
SQL: SHOW COLUMNS FROM `think_auth_group_access` [ RunTime:0.0059s ]
SQL: SHOW COLUMNS FROM `think_member` [ RunTime:0.0067s ]
SQL: SELECT * FROM `think_auth_group` WHERE ( id=1 ) LIMIT 1   [ RunTime:0.0018s ]
SQL: SELECT `uid` FROM `think_auth_group_access` WHERE ( group_id=1 )  [ RunTime:0.0010s ]
SQL: SELECT COUNT(*) AS tp_count FROM `think_member` WHERE `id` IN ('4') LIMIT 1   [ RunTime:0.0008s ]
SQL: SELECT * FROM `think_member` WHERE `id` IN ('4') ORDER BY id DESC LIMIT 0,25   [ RunTime:0.0011s ]
INFO: [ view_parse ] --START--
INFO: [ template_filter ] --START--
INFO: Run Behavior\ContentReplaceBehavior [ RunTime:0.000249s ]
INFO: [ template_filter ] --END-- [ RunTime:0.000373s ]
INFO: Run Behavior\ParseTemplateBehavior [ RunTime:0.031039s ]
INFO: [ view_parse ] --END-- [ RunTime:0.031203s ]
INFO: [ view_filter ] --START--
INFO: Run Behavior\WriteHtmlCacheBehavior [ RunTime:0.000880s ]
INFO: [ view_filter ] --END-- [ RunTime:0.000973s ]
INFO: [ app_end ] --START--
INFO: Run Behavior\ShowPageTraceBehavior [ RunTime:0.002198s ]
INFO: [ app_end ] --END-- [ RunTime:0.002334s ]

[ 2017-06-27T21:49:19+08:00 ] ::1 /TongYouErWeiMaSaoMao/Admin/User/lists/id/1.html
INFO: [ app_init ] --START--
INFO: Run Behavior\BuildLiteBehavior [ RunTime:0.000029s ]
INFO: [ app_init ] --END-- [ RunTime:0.000741s ]
INFO: [ app_begin ] --START--
INFO: Run Behavior\ReadHtmlCacheBehavior [ RunTime:0.001272s ]
INFO: [ app_begin ] --END-- [ RunTime:0.001623s ]
SQL: SHOW COLUMNS FROM `think_auth_group` [ RunTime:0.0062s ]
SQL: SHOW COLUMNS FROM `think_auth_group_access` [ RunTime:0.0059s ]
SQL: SHOW COLUMNS FROM `think_member` [ RunTime:0.0070s ]
SQL: SELECT * FROM `think_auth_group` WHERE ( id=1 ) LIMIT 1   [ RunTime:0.0011s ]
SQL: SELECT `uid` FROM `think_auth_group_access` WHERE ( group_id=1 )  [ RunTime:0.0009s ]
SQL: SELECT COUNT(*) AS tp_count FROM `think_member` WHERE `id` IN ('4') LIMIT 1   [ RunTime:0.0008s ]
SQL: SELECT * FROM `think_member` WHERE `id` IN ('4') ORDER BY id DESC LIMIT 0,25   [ RunTime:0.0013s ]
INFO: [ view_parse ] --START--
INFO: [ template_filter ] --START--
INFO: Run Behavior\ContentReplaceBehavior [ RunTime:0.000247s ]
INFO: [ template_filter ] --END-- [ RunTime:0.000372s ]
INFO: Run Behavior\ParseTemplateBehavior [ RunTime:0.027248s ]
INFO: [ view_parse ] --END-- [ RunTime:0.027450s ]
INFO: [ view_filter ] --START--
INFO: Run Behavior\WriteHtmlCacheBehavior [ RunTime:0.000883s ]
INFO: [ view_filter ] --END-- [ RunTime:0.000984s ]
INFO: [ app_end ] --START--
INFO: Run Behavior\ShowPageTraceBehavior [ RunTime:0.001288s ]
INFO: [ app_end ] --END-- [ RunTime:0.001404s ]

[ 2017-06-27T21:49:29+08:00 ] ::1 /TongYouErWeiMaSaoMao/Admin/User/lists/id/2.html
INFO: [ app_init ] --START--
INFO: Run Behavior\BuildLiteBehavior [ RunTime:0.000027s ]
INFO: [ app_init ] --END-- [ RunTime:0.000976s ]
INFO: [ app_begin ] --START--
INFO: Run Behavior\ReadHtmlCacheBehavior [ RunTime:0.001935s ]
INFO: [ app_begin ] --END-- [ RunTime:0.002085s ]
SQL: SHOW COLUMNS FROM `think_auth_group` [ RunTime:0.0054s ]
SQL: SHOW COLUMNS FROM `think_auth_group_access` [ RunTime:0.0056s ]
SQL: SHOW COLUMNS FROM `think_member` [ RunTime:0.0066s ]
SQL: SELECT * FROM `think_auth_group` WHERE ( id=2 ) LIMIT 1   [ RunTime:0.0009s ]
SQL: SELECT `uid` FROM `think_auth_group_access` WHERE ( group_id=2 )  [ RunTime:0.0006s ]
SQL: SELECT COUNT(*) AS tp_count FROM `think_member` WHERE `id` IN ('3') LIMIT 1   [ RunTime:0.0006s ]
SQL: SELECT * FROM `think_member` WHERE `id` IN ('3') ORDER BY id DESC LIMIT 0,25   [ RunTime:0.0010s ]
INFO: [ view_parse ] --START--
INFO: [ template_filter ] --START--
INFO: Run Behavior\ContentReplaceBehavior [ RunTime:0.000221s ]
INFO: [ template_filter ] --END-- [ RunTime:0.000336s ]
INFO: Run Behavior\ParseTemplateBehavior [ RunTime:0.025981s ]
INFO: [ view_parse ] --END-- [ RunTime:0.026128s ]
INFO: [ view_filter ] --START--
INFO: Run Behavior\WriteHtmlCacheBehavior [ RunTime:0.000882s ]
INFO: [ view_filter ] --END-- [ RunTime:0.000976s ]
INFO: [ app_end ] --START--
INFO: Run Behavior\ShowPageTraceBehavior [ RunTime:0.001751s ]
INFO: [ app_end ] --END-- [ RunTime:0.001873s ]

[ 2017-06-27T21:50:42+08:00 ] ::1 /TongYouErWeiMaSaoMao/Admin/User/lists/id/1.html
INFO: [ app_init ] --START--
INFO: Run Behavior\BuildLiteBehavior [ RunTime:0.000026s ]
INFO: [ app_init ] --END-- [ RunTime:0.000632s ]
INFO: [ app_begin ] --START--
INFO: Run Behavior\ReadHtmlCacheBehavior [ RunTime:0.001139s ]
INFO: [ app_begin ] --END-- [ RunTime:0.001246s ]
SQL: SHOW COLUMNS FROM `think_auth_group` [ RunTime:0.0053s ]
SQL: SHOW COLUMNS FROM `think_auth_group_access` [ RunTime:0.0050s ]
SQL: SHOW COLUMNS FROM `think_member` [ RunTime:0.0064s ]
SQL: SELECT * FROM `think_auth_group` WHERE ( id=1 ) LIMIT 1   [ RunTime:0.0008s ]
SQL: SELECT `uid` FROM `think_auth_group_access` WHERE ( group_id=1 )  [ RunTime:0.0008s ]
SQL: SELECT COUNT(*) AS tp_count FROM `think_member` WHERE `id` IN ('4') LIMIT 1   [ RunTime:0.0006s ]
SQL: SELECT * FROM `think_member` WHERE `id` IN ('4') ORDER BY id DESC LIMIT 0,25   [ RunTime:0.0010s ]
INFO: [ view_parse ] --START--
INFO: [ template_filter ] --START--
INFO: Run Behavior\ContentReplaceBehavior [ RunTime:0.000262s ]
INFO: [ template_filter ] --END-- [ RunTime:0.000376s ]
INFO: Run Behavior\ParseTemplateBehavior [ RunTime:0.025544s ]
INFO: [ view_parse ] --END-- [ RunTime:0.025693s ]
INFO: [ view_filter ] --START--
INFO: Run Behavior\WriteHtmlCacheBehavior [ RunTime:0.000927s ]
INFO: [ view_filter ] --END-- [ RunTime:0.001026s ]
INFO: [ app_end ] --START--
INFO: Run Behavior\ShowPageTraceBehavior [ RunTime:0.001402s ]
INFO: [ app_end ] --END-- [ RunTime:0.001521s ]

[ 2017-06-27T21:50:45+08:00 ] ::1 /TongYouErWeiMaSaoMao/Admin/User/lists/id/2.html
INFO: [ app_init ] --START--
INFO: Run Behavior\BuildLiteBehavior [ RunTime:0.000027s ]
INFO: [ app_init ] --END-- [ RunTime:0.000678s ]
INFO: [ app_begin ] --START--
INFO: Run Behavior\ReadHtmlCacheBehavior [ RunTime:0.001271s ]
INFO: [ app_begin ] --END-- [ RunTime:0.001391s ]
SQL: SHOW COLUMNS FROM `think_auth_group` [ RunTime:0.0105s ]
SQL: SHOW COLUMNS FROM `think_auth_group_access` [ RunTime:0.0112s ]
SQL: SHOW COLUMNS FROM `think_member` [ RunTime:0.0055s ]
SQL: SELECT * FROM `think_auth_group` WHERE ( id=2 ) LIMIT 1   [ RunTime:0.0008s ]
SQL: SELECT `uid` FROM `think_auth_group_access` WHERE ( group_id=2 )  [ RunTime:0.0007s ]
SQL: SELECT COUNT(*) AS tp_count FROM `think_member` WHERE `id` IN ('3') LIMIT 1   [ RunTime:0.0007s ]
SQL: SELECT * FROM `think_member` WHERE `id` IN ('3') ORDER BY id DESC LIMIT 0,25   [ RunTime:0.0010s ]
INFO: [ view_parse ] --START--
INFO: [ template_filter ] --START--
INFO: Run Behavior\ContentReplaceBehavior [ RunTime:0.000219s ]
INFO: [ template_filter ] --END-- [ RunTime:0.000331s ]
INFO: Run Behavior\ParseTemplateBehavior [ RunTime:0.026688s ]
INFO: [ view_parse ] --END-- [ RunTime:0.026848s ]
INFO: [ view_filter ] --START--
INFO: Run Behavior\WriteHtmlCacheBehavior [ RunTime:0.000892s ]
INFO: [ view_filter ] --END-- [ RunTime:0.000988s ]
INFO: [ app_end ] --START--
INFO: Run Behavior\ShowPageTraceBehavior [ RunTime:0.001353s ]
INFO: [ app_end ] --END-- [ RunTime:0.001467s ]

[ 2017-06-27T22:24:44+08:00 ] ::1 /TongYouErWeiMaSaoMao/Admin/User/lists/id/1.html
INFO: [ app_init ] --START--
INFO: Run Behavior\BuildLiteBehavior [ RunTime:0.000029s ]
INFO: [ app_init ] --END-- [ RunTime:0.000845s ]
INFO: [ app_begin ] --START--
INFO: Run Behavior\ReadHtmlCacheBehavior [ RunTime:0.002013s ]
INFO: [ app_begin ] --END-- [ RunTime:0.002166s ]
SQL: SHOW COLUMNS FROM `think_auth_group` [ RunTime:0.0073s ]
SQL: SHOW COLUMNS FROM `think_auth_group_access` [ RunTime:0.0066s ]
SQL: SHOW COLUMNS FROM `think_member` [ RunTime:0.0065s ]
SQL: SELECT * FROM `think_auth_group` WHERE ( id=1 ) LIMIT 1   [ RunTime:0.0011s ]
SQL: SELECT `uid` FROM `think_auth_group_access` WHERE ( group_id=1 )  [ RunTime:0.0009s ]
SQL: SELECT COUNT(*) AS tp_count FROM `think_member` WHERE `id` IN ('4') LIMIT 1   [ RunTime:0.0009s ]
SQL: SELECT * FROM `think_member` WHERE `id` IN ('4') ORDER BY id DESC LIMIT 0,25   [ RunTime:0.0013s ]
INFO: [ view_parse ] --START--
INFO: [ template_filter ] --START--
INFO: Run Behavior\ContentReplaceBehavior [ RunTime:0.000256s ]
INFO: [ template_filter ] --END-- [ RunTime:0.000379s ]
INFO: Run Behavior\ParseTemplateBehavior [ RunTime:0.029509s ]
INFO: [ view_parse ] --END-- [ RunTime:0.029682s ]
INFO: [ view_filter ] --START--
INFO: Run Behavior\WriteHtmlCacheBehavior [ RunTime:0.001084s ]
INFO: [ view_filter ] --END-- [ RunTime:0.001188s ]
INFO: [ app_end ] --START--
INFO: Run Behavior\ShowPageTraceBehavior [ RunTime:0.001448s ]
INFO: [ app_end ] --END-- [ RunTime:0.001602s ]

[ 2017-06-27T22:24:46+08:00 ] ::1 /TongYouErWeiMaSaoMao/Admin/User/lists/id/2.html
INFO: [ app_init ] --START--
INFO: Run Behavior\BuildLiteBehavior [ RunTime:0.000030s ]
INFO: [ app_init ] --END-- [ RunTime:0.000992s ]
INFO: [ app_begin ] --START--
INFO: Run Behavior\ReadHtmlCacheBehavior [ RunTime:0.001171s ]
INFO: [ app_begin ] --END-- [ RunTime:0.001280s ]
SQL: SHOW COLUMNS FROM `think_auth_group` [ RunTime:0.0057s ]
SQL: SHOW COLUMNS FROM `think_auth_group_access` [ RunTime:0.0054s ]
SQL: SHOW COLUMNS FROM `think_member` [ RunTime:0.0061s ]
SQL: SELECT * FROM `think_auth_group` WHERE ( id=2 ) LIMIT 1   [ RunTime:0.0008s ]
SQL: SELECT `uid` FROM `think_auth_group_access` WHERE ( group_id=2 )  [ RunTime:0.0006s ]
SQL: SELECT COUNT(*) AS tp_count FROM `think_member` WHERE `id` IN ('3') LIMIT 1   [ RunTime:0.0006s ]
SQL: SELECT * FROM `think_member` WHERE `id` IN ('3') ORDER BY id DESC LIMIT 0,25   [ RunTime:0.0009s ]
INFO: [ view_parse ] --START--
INFO: [ template_filter ] --START--
INFO: Run Behavior\ContentReplaceBehavior [ RunTime:0.000230s ]
INFO: [ template_filter ] --END-- [ RunTime:0.000362s ]
INFO: Run Behavior\ParseTemplateBehavior [ RunTime:0.028262s ]
INFO: [ view_parse ] --END-- [ RunTime:0.028419s ]
INFO: [ view_filter ] --START--
INFO: Run Behavior\WriteHtmlCacheBehavior [ RunTime:0.001170s ]
INFO: [ view_filter ] --END-- [ RunTime:0.001270s ]
INFO: [ app_end ] --START--
INFO: Run Behavior\ShowPageTraceBehavior [ RunTime:0.001372s ]
INFO: [ app_end ] --END-- [ RunTime:0.001491s ]

[ 2017-06-27T22:24:50+08:00 ] ::1 /TongYouErWeiMaSaoMao/Admin/User/lists/id/1.html
INFO: [ app_init ] --START--
INFO: Run Behavior\BuildLiteBehavior [ RunTime:0.000030s ]
INFO: [ app_init ] --END-- [ RunTime:0.000756s ]
INFO: [ app_begin ] --START--
INFO: Run Behavior\ReadHtmlCacheBehavior [ RunTime:0.001332s ]
INFO: [ app_begin ] --END-- [ RunTime:0.001690s ]
SQL: SHOW COLUMNS FROM `think_auth_group` [ RunTime:0.0043s ]
SQL: SHOW COLUMNS FROM `think_auth_group_access` [ RunTime:0.0049s ]
SQL: SHOW COLUMNS FROM `think_member` [ RunTime:0.0047s ]
SQL: SELECT * FROM `think_auth_group` WHERE ( id=1 ) LIMIT 1   [ RunTime:0.0008s ]
SQL: SELECT `uid` FROM `think_auth_group_access` WHERE ( group_id=1 )  [ RunTime:0.0007s ]
SQL: SELECT COUNT(*) AS tp_count FROM `think_member` WHERE `id` IN ('4') LIMIT 1   [ RunTime:0.0006s ]
SQL: SELECT * FROM `think_member` WHERE `id` IN ('4') ORDER BY id DESC LIMIT 0,25   [ RunTime:0.0010s ]
INFO: [ view_parse ] --START--
INFO: [ template_filter ] --START--
INFO: Run Behavior\ContentReplaceBehavior [ RunTime:0.000261s ]
INFO: [ template_filter ] --END-- [ RunTime:0.000379s ]
INFO: Run Behavior\ParseTemplateBehavior [ RunTime:0.025133s ]
INFO: [ view_parse ] --END-- [ RunTime:0.025278s ]
INFO: [ view_filter ] --START--
INFO: Run Behavior\WriteHtmlCacheBehavior [ RunTime:0.000911s ]
INFO: [ view_filter ] --END-- [ RunTime:0.001011s ]
INFO: [ app_end ] --START--
INFO: Run Behavior\ShowPageTraceBehavior [ RunTime:0.001285s ]
INFO: [ app_end ] --END-- [ RunTime:0.001398s ]

[ 2017-06-27T22:25:02+08:00 ] ::1 /TongYouErWeiMaSaoMao/Admin/User/lists/id/2.html
INFO: [ app_init ] --START--
INFO: Run Behavior\BuildLiteBehavior [ RunTime:0.000025s ]
INFO: [ app_init ] --END-- [ RunTime:0.000691s ]
INFO: [ app_begin ] --START--
INFO: Run Behavior\ReadHtmlCacheBehavior [ RunTime:0.001183s ]
INFO: [ app_begin ] --END-- [ RunTime:0.001291s ]
SQL: SHOW COLUMNS FROM `think_auth_group` [ RunTime:0.0090s ]
SQL: SHOW COLUMNS FROM `think_auth_group_access` [ RunTime:0.0082s ]
SQL: SHOW COLUMNS FROM `think_member` [ RunTime:0.0047s ]
SQL: SELECT * FROM `think_auth_group` WHERE ( id=2 ) LIMIT 1   [ RunTime:0.0008s ]
SQL: SELECT `uid` FROM `think_auth_group_access` WHERE ( group_id=2 )  [ RunTime:0.0006s ]
SQL: SELECT COUNT(*) AS tp_count FROM `think_member` WHERE `id` IN ('3') LIMIT 1   [ RunTime:0.0006s ]
SQL: SELECT * FROM `think_member` WHERE `id` IN ('3') ORDER BY id DESC LIMIT 0,25   [ RunTime:0.0011s ]
INFO: [ view_parse ] --START--
INFO: [ template_filter ] --START--
INFO: Run Behavior\ContentReplaceBehavior [ RunTime:0.000224s ]
INFO: [ template_filter ] --END-- [ RunTime:0.000346s ]
INFO: Run Behavior\ParseTemplateBehavior [ RunTime:0.025208s ]
INFO: [ view_parse ] --END-- [ RunTime:0.025349s ]
INFO: [ view_filter ] --START--
INFO: Run Behavior\WriteHtmlCacheBehavior [ RunTime:0.000871s ]
INFO: [ view_filter ] --END-- [ RunTime:0.000980s ]
INFO: [ app_end ] --START--
INFO: Run Behavior\ShowPageTraceBehavior [ RunTime:0.001552s ]
INFO: [ app_end ] --END-- [ RunTime:0.001666s ]

[ 2017-06-27T22:25:42+08:00 ] ::1 /TongYouErWeiMaSaoMao/Admin/User/lists/id/2.html
INFO: [ app_init ] --START--
INFO: Run Behavior\BuildLiteBehavior [ RunTime:0.000028s ]
INFO: [ app_init ] --END-- [ RunTime:0.000680s ]
INFO: [ app_begin ] --START--
INFO: Run Behavior\ReadHtmlCacheBehavior [ RunTime:0.001988s ]
INFO: [ app_begin ] --END-- [ RunTime:0.002114s ]
SQL: SHOW COLUMNS FROM `think_auth_group` [ RunTime:0.0044s ]
SQL: SHOW COLUMNS FROM `think_auth_group_access` [ RunTime:0.0040s ]
SQL: SHOW COLUMNS FROM `think_member` [ RunTime:0.0056s ]
SQL: SELECT * FROM `think_auth_group` WHERE ( id=2 ) LIMIT 1   [ RunTime:0.0008s ]
SQL: SELECT `uid` FROM `think_auth_group_access` WHERE ( group_id=2 )  [ RunTime:0.0006s ]
SQL: SELECT COUNT(*) AS tp_count FROM `think_member` WHERE `id` IN ('3') LIMIT 1   [ RunTime:0.0005s ]
SQL: SELECT * FROM `think_member` WHERE `id` IN ('3') ORDER BY id DESC LIMIT 0,25   [ RunTime:0.0009s ]
INFO: [ view_parse ] --START--
INFO: [ template_filter ] --START--
INFO: Run Behavior\ContentReplaceBehavior [ RunTime:0.000863s ]
INFO: [ template_filter ] --END-- [ RunTime:0.001007s ]
INFO: Run Behavior\ParseTemplateBehavior [ RunTime:0.026052s ]
INFO: [ view_parse ] --END-- [ RunTime:0.026197s ]
INFO: [ view_filter ] --START--
INFO: Run Behavior\WriteHtmlCacheBehavior [ RunTime:0.000902s ]
INFO: [ view_filter ] --END-- [ RunTime:0.001001s ]
INFO: [ app_end ] --START--
INFO: Run Behavior\ShowPageTraceBehavior [ RunTime:0.001279s ]
INFO: [ app_end ] --END-- [ RunTime:0.001399s ]

[ 2017-06-27T22:25:45+08:00 ] ::1 /TongYouErWeiMaSaoMao/Admin/User/lists/id/2.html
INFO: [ app_init ] --START--
INFO: Run Behavior\BuildLiteBehavior [ RunTime:0.000032s ]
INFO: [ app_init ] --END-- [ RunTime:0.000761s ]
INFO: [ app_begin ] --START--
INFO: Run Behavior\ReadHtmlCacheBehavior [ RunTime:0.001209s ]
INFO: [ app_begin ] --END-- [ RunTime:0.001330s ]
SQL: SHOW COLUMNS FROM `think_auth_group` [ RunTime:0.0111s ]
SQL: SHOW COLUMNS FROM `think_auth_group_access` [ RunTime:0.0120s ]
SQL: SHOW COLUMNS FROM `think_member` [ RunTime:0.0049s ]
SQL: SELECT * FROM `think_auth_group` WHERE ( id=2 ) LIMIT 1   [ RunTime:0.0011s ]
SQL: SELECT `uid` FROM `think_auth_group_access` WHERE ( group_id=2 )  [ RunTime:0.0007s ]
SQL: SELECT COUNT(*) AS tp_count FROM `think_member` WHERE `id` IN ('3') LIMIT 1   [ RunTime:0.0005s ]
SQL: SELECT * FROM `think_member` WHERE `id` IN ('3') ORDER BY id DESC LIMIT 0,25   [ RunTime:0.0008s ]
INFO: [ view_parse ] --START--
INFO: [ template_filter ] --START--
INFO: Run Behavior\ContentReplaceBehavior [ RunTime:0.000228s ]
INFO: [ template_filter ] --END-- [ RunTime:0.000372s ]
INFO: Run Behavior\ParseTemplateBehavior [ RunTime:0.025034s ]
INFO: [ view_parse ] --END-- [ RunTime:0.025171s ]
INFO: [ view_filter ] --START--
INFO: Run Behavior\WriteHtmlCacheBehavior [ RunTime:0.001212s ]
INFO: [ view_filter ] --END-- [ RunTime:0.001342s ]
INFO: [ app_end ] --START--
INFO: Run Behavior\ShowPageTraceBehavior [ RunTime:0.001368s ]
INFO: [ app_end ] --END-- [ RunTime:0.001555s ]

[ 2017-06-27T22:25:47+08:00 ] ::1 /TongYouErWeiMaSaoMao/Admin/User/lists/id/1.html
INFO: [ app_init ] --START--
INFO: Run Behavior\BuildLiteBehavior [ RunTime:0.000028s ]
INFO: [ app_init ] --END-- [ RunTime:0.000700s ]
INFO: [ app_begin ] --START--
INFO: Run Behavior\ReadHtmlCacheBehavior [ RunTime:0.001284s ]
INFO: [ app_begin ] --END-- [ RunTime:0.001402s ]
SQL: SHOW COLUMNS FROM `think_auth_group` [ RunTime:0.0108s ]
SQL: SHOW COLUMNS FROM `think_auth_group_access` [ RunTime:0.0078s ]
SQL: SHOW COLUMNS FROM `think_member` [ RunTime:0.0055s ]
SQL: SELECT * FROM `think_auth_group` WHERE ( id=1 ) LIMIT 1   [ RunTime:0.0018s ]
SQL: SELECT `uid` FROM `think_auth_group_access` WHERE ( group_id=1 )  [ RunTime:0.0014s ]
SQL: SELECT COUNT(*) AS tp_count FROM `think_member` WHERE `id` IN ('2','4') LIMIT 1   [ RunTime:0.0007s ]
SQL: SELECT * FROM `think_member` WHERE `id` IN ('2','4') ORDER BY id DESC LIMIT 0,25   [ RunTime:0.0010s ]
INFO: [ view_parse ] --START--
INFO: [ template_filter ] --START--
INFO: Run Behavior\ContentReplaceBehavior [ RunTime:0.000229s ]
INFO: [ template_filter ] --END-- [ RunTime:0.000350s ]
INFO: Run Behavior\ParseTemplateBehavior [ RunTime:0.028118s ]
INFO: [ view_parse ] --END-- [ RunTime:0.028268s ]
INFO: [ view_filter ] --START--
INFO: Run Behavior\WriteHtmlCacheBehavior [ RunTime:0.000871s ]
INFO: [ view_filter ] --END-- [ RunTime:0.000964s ]
INFO: [ app_end ] --START--
INFO: Run Behavior\ShowPageTraceBehavior [ RunTime:0.001283s ]
INFO: [ app_end ] --END-- [ RunTime:0.001403s ]

[ 2017-06-27T22:25:50+08:00 ] ::1 /TongYouErWeiMaSaoMao/Admin/User/lists/id/2.html
INFO: [ app_init ] --START--
INFO: Run Behavior\BuildLiteBehavior [ RunTime:0.000028s ]
INFO: [ app_init ] --END-- [ RunTime:0.000747s ]
INFO: [ app_begin ] --START--
INFO: Run Behavior\ReadHtmlCacheBehavior [ RunTime:0.001178s ]
INFO: [ app_begin ] --END-- [ RunTime:0.001288s ]
SQL: SHOW COLUMNS FROM `think_auth_group` [ RunTime:0.0052s ]
SQL: SHOW COLUMNS FROM `think_auth_group_access` [ RunTime:0.0052s ]
SQL: SHOW COLUMNS FROM `think_member` [ RunTime:0.0066s ]
SQL: SELECT * FROM `think_auth_group` WHERE ( id=2 ) LIMIT 1   [ RunTime:0.0009s ]
SQL: SELECT `uid` FROM `think_auth_group_access` WHERE ( group_id=2 )  [ RunTime:0.0007s ]
SQL: SELECT COUNT(*) AS tp_count FROM `think_member` WHERE `id` IN ('3') LIMIT 1   [ RunTime:0.0007s ]
SQL: SELECT * FROM `think_member` WHERE `id` IN ('3') ORDER BY id DESC LIMIT 0,25   [ RunTime:0.0010s ]
INFO: [ view_parse ] --START--
INFO: [ template_filter ] --START--
INFO: Run Behavior\ContentReplaceBehavior [ RunTime:0.000238s ]
INFO: [ template_filter ] --END-- [ RunTime:0.000357s ]
INFO: Run Behavior\ParseTemplateBehavior [ RunTime:0.026191s ]
INFO: [ view_parse ] --END-- [ RunTime:0.026338s ]
INFO: [ view_filter ] --START--
INFO: Run Behavior\WriteHtmlCacheBehavior [ RunTime:0.000879s ]
INFO: [ view_filter ] --END-- [ RunTime:0.000990s ]
INFO: [ app_end ] --START--
INFO: Run Behavior\ShowPageTraceBehavior [ RunTime:0.001433s ]
INFO: [ app_end ] --END-- [ RunTime:0.001563s ]

[ 2017-06-27T22:25:53+08:00 ] ::1 /TongYouErWeiMaSaoMao/Admin/User/lists/id/1.html
INFO: [ app_init ] --START--
INFO: Run Behavior\BuildLiteBehavior [ RunTime:0.000028s ]
INFO: [ app_init ] --END-- [ RunTime:0.000698s ]
INFO: [ app_begin ] --START--
INFO: Run Behavior\ReadHtmlCacheBehavior [ RunTime:0.001336s ]
INFO: [ app_begin ] --END-- [ RunTime:0.001485s ]
SQL: SHOW COLUMNS FROM `think_auth_group` [ RunTime:0.0053s ]
SQL: SHOW COLUMNS FROM `think_auth_group_access` [ RunTime:0.0051s ]
SQL: SHOW COLUMNS FROM `think_member` [ RunTime:0.0060s ]
SQL: SELECT * FROM `think_auth_group` WHERE ( id=1 ) LIMIT 1   [ RunTime:0.0009s ]
SQL: SELECT `uid` FROM `think_auth_group_access` WHERE ( group_id=1 )  [ RunTime:0.0007s ]
SQL: SELECT COUNT(*) AS tp_count FROM `think_member` WHERE `id` IN ('2','4') LIMIT 1   [ RunTime:0.0008s ]
SQL: SELECT * FROM `think_member` WHERE `id` IN ('2','4') ORDER BY id DESC LIMIT 0,25   [ RunTime:0.0010s ]
INFO: [ view_parse ] --START--
INFO: [ template_filter ] --START--
INFO: Run Behavior\ContentReplaceBehavior [ RunTime:0.000242s ]
INFO: [ template_filter ] --END-- [ RunTime:0.000436s ]
INFO: Run Behavior\ParseTemplateBehavior [ RunTime:0.026266s ]
INFO: [ view_parse ] --END-- [ RunTime:0.026420s ]
INFO: [ view_filter ] --START--
INFO: Run Behavior\WriteHtmlCacheBehavior [ RunTime:0.000845s ]
INFO: [ view_filter ] --END-- [ RunTime:0.000936s ]
INFO: [ app_end ] --START--
INFO: Run Behavior\ShowPageTraceBehavior [ RunTime:0.001237s ]
INFO: [ app_end ] --END-- [ RunTime:0.001342s ]

